{"C:\\Users\\ismai\\Downloads\\Coding\\Interview\\Inti Corpora\\todos-inti-corpora\\postcss.config.js": {"path":"C:\\Users\\ismai\\Downloads\\Coding\\Interview\\Inti Corpora\\todos-inti-corpora\\postcss.config.js","all":true,"statementMap":{"0":{"start":{"line":1,"column":0},"end":{"line":1,"column":16}},"1":{"start":{"line":2,"column":0},"end":{"line":2,"column":12}},"2":{"start":{"line":3,"column":0},"end":{"line":3,"column":20}},"3":{"start":{"line":4,"column":0},"end":{"line":4,"column":21}},"4":{"start":{"line":5,"column":0},"end":{"line":5,"column":4}},"5":{"start":{"line":6,"column":0},"end":{"line":6,"column":1}}},"s":{"0":0,"1":0,"2":0,"3":0,"4":0,"5":0},"branchMap":{"0":{"type":"branch","line":1,"loc":{"start":{"line":1,"column":0},"end":{"line":6,"column":1}},"locations":[{"start":{"line":1,"column":0},"end":{"line":6,"column":1}}]}},"b":{"0":[0]},"fnMap":{"0":{"name":"(empty-report)","decl":{"start":{"line":1,"column":0},"end":{"line":6,"column":1}},"loc":{"start":{"line":1,"column":0},"end":{"line":6,"column":1}},"line":1}},"f":{"0":0}}
,"C:\\Users\\ismai\\Downloads\\Coding\\Interview\\Inti Corpora\\todos-inti-corpora\\tailwind.config.js": {"path":"C:\\Users\\ismai\\Downloads\\Coding\\Interview\\Inti Corpora\\todos-inti-corpora\\tailwind.config.js","all":true,"statementMap":{"0":{"start":{"line":1,"column":0},"end":{"line":1,"column":43}},"1":{"start":{"line":2,"column":0},"end":{"line":2,"column":18}},"2":{"start":{"line":3,"column":0},"end":{"line":3,"column":22}},"3":{"start":{"line":4,"column":0},"end":{"line":4,"column":12}},"4":{"start":{"line":5,"column":0},"end":{"line":5,"column":28}},"5":{"start":{"line":6,"column":0},"end":{"line":6,"column":33}},"6":{"start":{"line":7,"column":0},"end":{"line":7,"column":26}},"7":{"start":{"line":8,"column":0},"end":{"line":8,"column":26}},"8":{"start":{"line":9,"column":0},"end":{"line":9,"column":4}},"9":{"start":{"line":10,"column":0},"end":{"line":10,"column":13}},"10":{"start":{"line":11,"column":0},"end":{"line":11,"column":10}},"11":{"start":{"line":12,"column":0},"end":{"line":12,"column":16}},"12":{"start":{"line":13,"column":0},"end":{"line":13,"column":19}},"13":{"start":{"line":14,"column":0},"end":{"line":14,"column":22}},"14":{"start":{"line":15,"column":0},"end":{"line":15,"column":16}},"15":{"start":{"line":16,"column":0},"end":{"line":16,"column":24}},"16":{"start":{"line":17,"column":0},"end":{"line":17,"column":8}},"17":{"start":{"line":18,"column":0},"end":{"line":18,"column":6}},"18":{"start":{"line":19,"column":0},"end":{"line":19,"column":13}},"19":{"start":{"line":20,"column":0},"end":{"line":20,"column":15}},"20":{"start":{"line":21,"column":0},"end":{"line":21,"column":37}},"21":{"start":{"line":22,"column":0},"end":{"line":22,"column":35}},"22":{"start":{"line":23,"column":0},"end":{"line":23,"column":33}},"23":{"start":{"line":24,"column":0},"end":{"line":24,"column":45}},"24":{"start":{"line":25,"column":0},"end":{"line":25,"column":45}},"25":{"start":{"line":26,"column":0},"end":{"line":26,"column":18}},"26":{"start":{"line":27,"column":0},"end":{"line":27,"column":41}},"27":{"start":{"line":28,"column":0},"end":{"line":28,"column":55}},"28":{"start":{"line":29,"column":0},"end":{"line":29,"column":10}},"29":{"start":{"line":30,"column":0},"end":{"line":30,"column":20}},"30":{"start":{"line":31,"column":0},"end":{"line":31,"column":43}},"31":{"start":{"line":32,"column":0},"end":{"line":32,"column":57}},"32":{"start":{"line":33,"column":0},"end":{"line":33,"column":10}},"33":{"start":{"line":34,"column":0},"end":{"line":34,"column":22}},"34":{"start":{"line":35,"column":0},"end":{"line":35,"column":45}},"35":{"start":{"line":36,"column":0},"end":{"line":36,"column":59}},"36":{"start":{"line":37,"column":0},"end":{"line":37,"column":10}},"37":{"start":{"line":38,"column":0},"end":{"line":38,"column":16}},"38":{"start":{"line":39,"column":0},"end":{"line":39,"column":39}},"39":{"start":{"line":40,"column":0},"end":{"line":40,"column":53}},"40":{"start":{"line":41,"column":0},"end":{"line":41,"column":10}},"41":{"start":{"line":42,"column":0},"end":{"line":42,"column":17}},"42":{"start":{"line":43,"column":0},"end":{"line":43,"column":40}},"43":{"start":{"line":44,"column":0},"end":{"line":44,"column":54}},"44":{"start":{"line":45,"column":0},"end":{"line":45,"column":10}},"45":{"start":{"line":46,"column":0},"end":{"line":46,"column":18}},"46":{"start":{"line":47,"column":0},"end":{"line":47,"column":41}},"47":{"start":{"line":48,"column":0},"end":{"line":48,"column":55}},"48":{"start":{"line":49,"column":0},"end":{"line":49,"column":10}},"49":{"start":{"line":50,"column":0},"end":{"line":50,"column":15}},"50":{"start":{"line":51,"column":0},"end":{"line":51,"column":38}},"51":{"start":{"line":52,"column":0},"end":{"line":52,"column":52}},"52":{"start":{"line":53,"column":0},"end":{"line":53,"column":10}},"53":{"start":{"line":54,"column":0},"end":{"line":54,"column":8}},"54":{"start":{"line":55,"column":0},"end":{"line":55,"column":21}},"55":{"start":{"line":56,"column":0},"end":{"line":56,"column":28}},"56":{"start":{"line":57,"column":0},"end":{"line":57,"column":40}},"57":{"start":{"line":58,"column":0},"end":{"line":58,"column":40}},"58":{"start":{"line":59,"column":0},"end":{"line":59,"column":8}},"59":{"start":{"line":60,"column":0},"end":{"line":60,"column":18}},"60":{"start":{"line":61,"column":0},"end":{"line":61,"column":27}},"61":{"start":{"line":62,"column":0},"end":{"line":62,"column":32}},"62":{"start":{"line":63,"column":0},"end":{"line":63,"column":66}},"63":{"start":{"line":64,"column":0},"end":{"line":64,"column":10}},"64":{"start":{"line":65,"column":0},"end":{"line":65,"column":25}},"65":{"start":{"line":66,"column":0},"end":{"line":66,"column":68}},"66":{"start":{"line":67,"column":0},"end":{"line":67,"column":30}},"67":{"start":{"line":68,"column":0},"end":{"line":68,"column":10}},"68":{"start":{"line":69,"column":0},"end":{"line":69,"column":8}},"69":{"start":{"line":70,"column":0},"end":{"line":70,"column":18}},"70":{"start":{"line":71,"column":0},"end":{"line":71,"column":57}},"71":{"start":{"line":72,"column":0},"end":{"line":72,"column":53}},"72":{"start":{"line":73,"column":0},"end":{"line":73,"column":8}},"73":{"start":{"line":74,"column":0},"end":{"line":74,"column":6}},"74":{"start":{"line":75,"column":0},"end":{"line":75,"column":4}},"75":{"start":{"line":76,"column":0},"end":{"line":76,"column":12}},"76":{"start":{"line":77,"column":0},"end":{"line":77,"column":35}},"77":{"start":{"line":78,"column":0},"end":{"line":78,"column":34}},"78":{"start":{"line":79,"column":0},"end":{"line":79,"column":39}},"79":{"start":{"line":80,"column":0},"end":{"line":80,"column":4}},"80":{"start":{"line":81,"column":0},"end":{"line":81,"column":2}}},"s":{"0":0,"1":0,"2":0,"3":0,"4":0,"5":0,"6":0,"7":0,"8":0,"9":0,"10":0,"11":0,"12":0,"13":0,"14":0,"15":0,"16":0,"17":0,"18":0,"19":0,"20":0,"21":0,"22":0,"23":0,"24":0,"25":0,"26":0,"27":0,"28":0,"29":0,"30":0,"31":0,"32":0,"33":0,"34":0,"35":0,"36":0,"37":0,"38":0,"39":0,"40":0,"41":0,"42":0,"43":0,"44":0,"45":0,"46":0,"47":0,"48":0,"49":0,"50":0,"51":0,"52":0,"53":0,"54":0,"55":0,"56":0,"57":0,"58":0,"59":0,"60":0,"61":0,"62":0,"63":0,"64":0,"65":0,"66":0,"67":0,"68":0,"69":0,"70":0,"71":0,"72":0,"73":0,"74":0,"75":0,"76":0,"77":0,"78":0,"79":0,"80":0},"branchMap":{"0":{"type":"branch","line":1,"loc":{"start":{"line":1,"column":0},"end":{"line":81,"column":2}},"locations":[{"start":{"line":1,"column":0},"end":{"line":81,"column":2}}]}},"b":{"0":[0]},"fnMap":{"0":{"name":"(empty-report)","decl":{"start":{"line":1,"column":0},"end":{"line":81,"column":2}},"loc":{"start":{"line":1,"column":0},"end":{"line":81,"column":2}},"line":1}},"f":{"0":0}}
,"C:\\Users\\ismai\\Downloads\\Coding\\Interview\\Inti Corpora\\todos-inti-corpora\\src\\App.tsx": {"path":"C:\\Users\\ismai\\Downloads\\Coding\\Interview\\Inti Corpora\\todos-inti-corpora\\src\\App.tsx","all":false,"statementMap":{"0":{"start":{"line":1,"column":0},"end":{"line":1,"column":49}},"1":{"start":{"line":2,"column":0},"end":{"line":2,"column":55}},"2":{"start":{"line":3,"column":0},"end":{"line":3,"column":41}},"3":{"start":{"line":4,"column":0},"end":{"line":4,"column":50}},"4":{"start":{"line":5,"column":0},"end":{"line":5,"column":0}},"5":{"start":{"line":6,"column":0},"end":{"line":6,"column":16}},"6":{"start":{"line":7,"column":0},"end":{"line":7,"column":10}},"7":{"start":{"line":8,"column":0},"end":{"line":8,"column":46}},"8":{"start":{"line":9,"column":0},"end":{"line":9,"column":20}},"9":{"start":{"line":10,"column":0},"end":{"line":10,"column":17}},"10":{"start":{"line":11,"column":0},"end":{"line":11,"column":153}},"11":{"start":{"line":12,"column":0},"end":{"line":12,"column":47}},"12":{"start":{"line":13,"column":0},"end":{"line":13,"column":20}},"13":{"start":{"line":14,"column":0},"end":{"line":14,"column":18}},"14":{"start":{"line":15,"column":0},"end":{"line":15,"column":87}},"15":{"start":{"line":16,"column":0},"end":{"line":16,"column":27}},"16":{"start":{"line":17,"column":0},"end":{"line":17,"column":18}},"17":{"start":{"line":18,"column":0},"end":{"line":18,"column":13}},"18":{"start":{"line":19,"column":0},"end":{"line":19,"column":10}},"19":{"start":{"line":20,"column":0},"end":{"line":20,"column":4}},"20":{"start":{"line":21,"column":0},"end":{"line":21,"column":1}},"21":{"start":{"line":22,"column":0},"end":{"line":22,"column":0}},"22":{"start":{"line":23,"column":0},"end":{"line":23,"column":19}}},"s":{"0":1,"1":1,"2":1,"3":1,"4":1,"5":8,"6":8,"7":8,"8":8,"9":8,"10":8,"11":8,"12":8,"13":8,"14":8,"15":8,"16":8,"17":8,"18":8,"19":8,"20":8,"21":1,"22":1},"branchMap":{"0":{"type":"branch","line":6,"loc":{"start":{"line":6,"column":0},"end":{"line":21,"column":1}},"locations":[{"start":{"line":6,"column":0},"end":{"line":21,"column":1}}]}},"b":{"0":[8]},"fnMap":{"0":{"name":"App","decl":{"start":{"line":6,"column":0},"end":{"line":21,"column":1}},"loc":{"start":{"line":6,"column":0},"end":{"line":21,"column":1}},"line":6}},"f":{"0":8}}
,"C:\\Users\\ismai\\Downloads\\Coding\\Interview\\Inti Corpora\\todos-inti-corpora\\src\\main.tsx": {"path":"C:\\Users\\ismai\\Downloads\\Coding\\Interview\\Inti Corpora\\todos-inti-corpora\\src\\main.tsx","all":true,"statementMap":{"0":{"start":{"line":1,"column":0},"end":{"line":1,"column":26}},"1":{"start":{"line":2,"column":0},"end":{"line":2,"column":40}},"2":{"start":{"line":3,"column":0},"end":{"line":3,"column":28}},"3":{"start":{"line":4,"column":0},"end":{"line":4,"column":21}},"4":{"start":{"line":5,"column":0},"end":{"line":5,"column":64}},"5":{"start":{"line":6,"column":0},"end":{"line":6,"column":73}},"6":{"start":{"line":7,"column":0},"end":{"line":7,"column":0}},"7":{"start":{"line":8,"column":0},"end":{"line":8,"column":38}},"8":{"start":{"line":9,"column":0},"end":{"line":9,"column":0}},"9":{"start":{"line":10,"column":0},"end":{"line":10,"column":61}},"10":{"start":{"line":11,"column":0},"end":{"line":11,"column":20}},"11":{"start":{"line":12,"column":0},"end":{"line":12,"column":68}},"12":{"start":{"line":13,"column":0},"end":{"line":13,"column":48}},"13":{"start":{"line":14,"column":0},"end":{"line":14,"column":15}},"14":{"start":{"line":15,"column":0},"end":{"line":15,"column":28}},"15":{"start":{"line":16,"column":0},"end":{"line":16,"column":20}},"16":{"start":{"line":17,"column":0},"end":{"line":17,"column":21}},"17":{"start":{"line":18,"column":0},"end":{"line":18,"column":2}}},"s":{"0":0,"1":0,"2":0,"3":0,"4":0,"5":0,"6":0,"7":0,"8":0,"9":0,"10":0,"11":0,"12":0,"13":0,"14":0,"15":0,"16":0,"17":0},"branchMap":{"0":{"type":"branch","line":1,"loc":{"start":{"line":1,"column":0},"end":{"line":18,"column":2}},"locations":[{"start":{"line":1,"column":0},"end":{"line":18,"column":2}}]}},"b":{"0":[0]},"fnMap":{"0":{"name":"(empty-report)","decl":{"start":{"line":1,"column":0},"end":{"line":18,"column":2}},"loc":{"start":{"line":1,"column":0},"end":{"line":18,"column":2}},"line":1}},"f":{"0":0}}
,"C:\\Users\\ismai\\Downloads\\Coding\\Interview\\Inti Corpora\\todos-inti-corpora\\src\\api\\query.ts": {"path":"C:\\Users\\ismai\\Downloads\\Coding\\Interview\\Inti Corpora\\todos-inti-corpora\\src\\api\\query.ts","all":false,"statementMap":{"0":{"start":{"line":1,"column":0},"end":{"line":1,"column":26}},"1":{"start":{"line":2,"column":0},"end":{"line":2,"column":49}},"2":{"start":{"line":3,"column":0},"end":{"line":3,"column":0}},"3":{"start":{"line":4,"column":0},"end":{"line":4,"column":72}},"4":{"start":{"line":5,"column":0},"end":{"line":5,"column":24}},"5":{"start":{"line":6,"column":0},"end":{"line":6,"column":14}},"6":{"start":{"line":7,"column":0},"end":{"line":7,"column":19}},"7":{"start":{"line":8,"column":0},"end":{"line":8,"column":22}},"8":{"start":{"line":9,"column":0},"end":{"line":9,"column":20}},"9":{"start":{"line":10,"column":0},"end":{"line":10,"column":19}},"10":{"start":{"line":11,"column":0},"end":{"line":11,"column":1}},"11":{"start":{"line":12,"column":0},"end":{"line":12,"column":0}},"12":{"start":{"line":13,"column":0},"end":{"line":13,"column":35}},"13":{"start":{"line":14,"column":0},"end":{"line":14,"column":19}},"14":{"start":{"line":15,"column":0},"end":{"line":15,"column":29}},"15":{"start":{"line":16,"column":0},"end":{"line":16,"column":44}},"16":{"start":{"line":17,"column":0},"end":{"line":17,"column":54}},"17":{"start":{"line":18,"column":0},"end":{"line":18,"column":18}},"18":{"start":{"line":19,"column":0},"end":{"line":19,"column":37}},"19":{"start":{"line":20,"column":0},"end":{"line":20,"column":10}},"20":{"start":{"line":21,"column":0},"end":{"line":21,"column":9}},"21":{"start":{"line":22,"column":0},"end":{"line":22,"column":23}},"22":{"start":{"line":23,"column":0},"end":{"line":23,"column":6}},"23":{"start":{"line":24,"column":0},"end":{"line":24,"column":5}},"24":{"start":{"line":25,"column":0},"end":{"line":25,"column":2}}},"s":{"0":1,"1":1,"2":1,"3":1,"4":1,"5":1,"6":1,"7":1,"8":1,"9":1,"10":1,"11":1,"12":1,"13":8,"14":8,"15":8,"16":0,"17":0,"18":0,"19":0,"20":0,"21":0,"22":0,"23":8,"24":8},"branchMap":{"0":{"type":"branch","line":13,"loc":{"start":{"line":13,"column":28},"end":{"line":25,"column":2}},"locations":[{"start":{"line":13,"column":28},"end":{"line":25,"column":2}}]}},"b":{"0":[8]},"fnMap":{"0":{"name":"useTodosList","decl":{"start":{"line":13,"column":28},"end":{"line":25,"column":2}},"loc":{"start":{"line":13,"column":28},"end":{"line":25,"column":2}},"line":13},"1":{"name":"queryFn","decl":{"start":{"line":16,"column":13},"end":{"line":23,"column":6}},"loc":{"start":{"line":16,"column":13},"end":{"line":23,"column":6}},"line":16}},"f":{"0":8,"1":0}}
,"C:\\Users\\ismai\\Downloads\\Coding\\Interview\\Inti Corpora\\todos-inti-corpora\\src\\components\\Background.tsx": {"path":"C:\\Users\\ismai\\Downloads\\Coding\\Interview\\Inti Corpora\\todos-inti-corpora\\src\\components\\Background.tsx","all":false,"statementMap":{"0":{"start":{"line":1,"column":0},"end":{"line":1,"column":26}},"1":{"start":{"line":2,"column":0},"end":{"line":2,"column":61}},"2":{"start":{"line":3,"column":0},"end":{"line":3,"column":0}},"3":{"start":{"line":4,"column":0},"end":{"line":4,"column":57}},"4":{"start":{"line":5,"column":0},"end":{"line":5,"column":10}},"5":{"start":{"line":6,"column":0},"end":{"line":6,"column":95}},"6":{"start":{"line":7,"column":0},"end":{"line":7,"column":10}},"7":{"start":{"line":8,"column":0},"end":{"line":8,"column":29}},"8":{"start":{"line":9,"column":0},"end":{"line":9,"column":24}},"9":{"start":{"line":10,"column":0},"end":{"line":10,"column":48}},"10":{"start":{"line":11,"column":0},"end":{"line":11,"column":8}},"11":{"start":{"line":12,"column":0},"end":{"line":12,"column":10}},"12":{"start":{"line":13,"column":0},"end":{"line":13,"column":4}},"13":{"start":{"line":14,"column":0},"end":{"line":14,"column":1}}},"s":{"0":1,"1":1,"2":1,"3":1,"4":8,"5":8,"6":8,"7":8,"8":8,"9":8,"10":8,"11":8,"12":8,"13":8},"branchMap":{"0":{"type":"branch","line":4,"loc":{"start":{"line":4,"column":15},"end":{"line":14,"column":1}},"locations":[{"start":{"line":4,"column":15},"end":{"line":14,"column":1}}]}},"b":{"0":[8]},"fnMap":{"0":{"name":"BackGround","decl":{"start":{"line":4,"column":15},"end":{"line":14,"column":1}},"loc":{"start":{"line":4,"column":15},"end":{"line":14,"column":1}},"line":4}},"f":{"0":8}}
,"C:\\Users\\ismai\\Downloads\\Coding\\Interview\\Inti Corpora\\todos-inti-corpora\\src\\components\\ChartCompletedTodo.tsx": {"path":"C:\\Users\\ismai\\Downloads\\Coding\\Interview\\Inti Corpora\\todos-inti-corpora\\src\\components\\ChartCompletedTodo.tsx","all":false,"statementMap":{"0":{"start":{"line":1,"column":0},"end":{"line":1,"column":26}},"1":{"start":{"line":2,"column":0},"end":{"line":2,"column":73}},"2":{"start":{"line":3,"column":0},"end":{"line":3,"column":43}},"3":{"start":{"line":4,"column":0},"end":{"line":4,"column":36}},"4":{"start":{"line":5,"column":0},"end":{"line":5,"column":0}},"5":{"start":{"line":6,"column":0},"end":{"line":6,"column":46}},"6":{"start":{"line":7,"column":0},"end":{"line":7,"column":0}},"7":{"start":{"line":8,"column":0},"end":{"line":8,"column":44}},"8":{"start":{"line":9,"column":0},"end":{"line":9,"column":37}},"9":{"start":{"line":10,"column":0},"end":{"line":10,"column":59}},"10":{"start":{"line":11,"column":0},"end":{"line":11,"column":5}},"11":{"start":{"line":12,"column":0},"end":{"line":12,"column":4}},"12":{"start":{"line":13,"column":0},"end":{"line":13,"column":52}},"13":{"start":{"line":14,"column":0},"end":{"line":14,"column":10}},"14":{"start":{"line":15,"column":0},"end":{"line":15,"column":35}},"15":{"start":{"line":16,"column":0},"end":{"line":16,"column":15}},"16":{"start":{"line":17,"column":0},"end":{"line":17,"column":7}},"17":{"start":{"line":18,"column":0},"end":{"line":18,"column":34}},"18":{"start":{"line":19,"column":0},"end":{"line":19,"column":41}},"19":{"start":{"line":20,"column":0},"end":{"line":20,"column":80}},"20":{"start":{"line":21,"column":0},"end":{"line":21,"column":72}},"21":{"start":{"line":22,"column":0},"end":{"line":22,"column":23}},"22":{"start":{"line":23,"column":0},"end":{"line":23,"column":8}},"23":{"start":{"line":24,"column":0},"end":{"line":24,"column":6}},"24":{"start":{"line":25,"column":0},"end":{"line":25,"column":4}},"25":{"start":{"line":26,"column":0},"end":{"line":26,"column":2}},"26":{"start":{"line":27,"column":0},"end":{"line":27,"column":0}},"27":{"start":{"line":28,"column":0},"end":{"line":28,"column":29}},"28":{"start":{"line":29,"column":0},"end":{"line":29,"column":11}},"29":{"start":{"line":30,"column":0},"end":{"line":30,"column":4}},"30":{"start":{"line":31,"column":0},"end":{"line":31,"column":20}},"31":{"start":{"line":32,"column":0},"end":{"line":32,"column":23}},"32":{"start":{"line":33,"column":0},"end":{"line":33,"column":68}},"33":{"start":{"line":34,"column":0},"end":{"line":34,"column":1}},"34":{"start":{"line":35,"column":0},"end":{"line":35,"column":0}},"35":{"start":{"line":36,"column":0},"end":{"line":36,"column":34}}},"s":{"0":1,"1":1,"2":1,"3":1,"4":1,"5":1,"6":1,"7":1,"8":8,"9":8,"10":8,"11":8,"12":8,"13":8,"14":8,"15":8,"16":8,"17":8,"18":8,"19":8,"20":8,"21":8,"22":8,"23":8,"24":8,"25":8,"26":1,"27":8,"28":8,"29":8,"30":8,"31":8,"32":8,"33":8,"34":1,"35":1},"branchMap":{"0":{"type":"branch","line":8,"loc":{"start":{"line":8,"column":20},"end":{"line":26,"column":2}},"locations":[{"start":{"line":8,"column":20},"end":{"line":26,"column":2}}]},"1":{"type":"branch","line":28,"loc":{"start":{"line":28,"column":0},"end":{"line":34,"column":1}},"locations":[{"start":{"line":28,"column":0},"end":{"line":34,"column":1}}]}},"b":{"0":[8],"1":[8]},"fnMap":{"0":{"name":"data","decl":{"start":{"line":8,"column":20},"end":{"line":26,"column":2}},"loc":{"start":{"line":8,"column":20},"end":{"line":26,"column":2}},"line":8},"1":{"name":"ChartCompletedTodo","decl":{"start":{"line":28,"column":0},"end":{"line":34,"column":1}},"loc":{"start":{"line":28,"column":0},"end":{"line":34,"column":1}},"line":28}},"f":{"0":8,"1":8}}
,"C:\\Users\\ismai\\Downloads\\Coding\\Interview\\Inti Corpora\\todos-inti-corpora\\src\\components\\LoadingSpinner.tsx": {"path":"C:\\Users\\ismai\\Downloads\\Coding\\Interview\\Inti Corpora\\todos-inti-corpora\\src\\components\\LoadingSpinner.tsx","all":false,"statementMap":{"0":{"start":{"line":1,"column":0},"end":{"line":1,"column":30}},"1":{"start":{"line":2,"column":0},"end":{"line":2,"column":10}},"2":{"start":{"line":3,"column":0},"end":{"line":3,"column":105}},"3":{"start":{"line":4,"column":0},"end":{"line":4,"column":10}},"4":{"start":{"line":5,"column":0},"end":{"line":5,"column":54}},"5":{"start":{"line":6,"column":0},"end":{"line":6,"column":27}},"6":{"start":{"line":7,"column":0},"end":{"line":7,"column":19}},"7":{"start":{"line":8,"column":0},"end":{"line":8,"column":42}},"8":{"start":{"line":9,"column":0},"end":{"line":9,"column":18}},"9":{"start":{"line":10,"column":0},"end":{"line":10,"column":19}},"10":{"start":{"line":11,"column":0},"end":{"line":11,"column":7}},"11":{"start":{"line":12,"column":0},"end":{"line":12,"column":13}},"12":{"start":{"line":13,"column":0},"end":{"line":13,"column":698}},"13":{"start":{"line":14,"column":0},"end":{"line":14,"column":31}},"14":{"start":{"line":15,"column":0},"end":{"line":15,"column":25}},"15":{"start":{"line":16,"column":0},"end":{"line":16,"column":31}},"16":{"start":{"line":17,"column":0},"end":{"line":17,"column":32}},"17":{"start":{"line":18,"column":0},"end":{"line":18,"column":16}},"18":{"start":{"line":19,"column":0},"end":{"line":19,"column":13}},"19":{"start":{"line":20,"column":0},"end":{"line":20,"column":204}},"20":{"start":{"line":21,"column":0},"end":{"line":21,"column":31}},"21":{"start":{"line":22,"column":0},"end":{"line":22,"column":25}},"22":{"start":{"line":23,"column":0},"end":{"line":23,"column":31}},"23":{"start":{"line":24,"column":0},"end":{"line":24,"column":32}},"24":{"start":{"line":25,"column":0},"end":{"line":25,"column":36}},"25":{"start":{"line":26,"column":0},"end":{"line":26,"column":16}},"26":{"start":{"line":27,"column":0},"end":{"line":27,"column":12}},"27":{"start":{"line":28,"column":0},"end":{"line":28,"column":10}},"28":{"start":{"line":29,"column":0},"end":{"line":29,"column":4}},"29":{"start":{"line":30,"column":0},"end":{"line":30,"column":2}},"30":{"start":{"line":31,"column":0},"end":{"line":31,"column":0}},"31":{"start":{"line":32,"column":0},"end":{"line":32,"column":30}}},"s":{"0":1,"1":8,"2":8,"3":8,"4":8,"5":8,"6":8,"7":8,"8":8,"9":8,"10":8,"11":8,"12":8,"13":8,"14":8,"15":8,"16":8,"17":8,"18":8,"19":8,"20":8,"21":8,"22":8,"23":8,"24":8,"25":8,"26":8,"27":8,"28":8,"29":8,"30":1,"31":1},"branchMap":{"0":{"type":"branch","line":1,"loc":{"start":{"line":1,"column":23},"end":{"line":30,"column":2}},"locations":[{"start":{"line":1,"column":23},"end":{"line":30,"column":2}}]}},"b":{"0":[8]},"fnMap":{"0":{"name":"LoadingSpinner","decl":{"start":{"line":1,"column":23},"end":{"line":30,"column":2}},"loc":{"start":{"line":1,"column":23},"end":{"line":30,"column":2}},"line":1}},"f":{"0":8}}
,"C:\\Users\\ismai\\Downloads\\Coding\\Interview\\Inti Corpora\\todos-inti-corpora\\src\\components\\MainContainer.tsx": {"path":"C:\\Users\\ismai\\Downloads\\Coding\\Interview\\Inti Corpora\\todos-inti-corpora\\src\\components\\MainContainer.tsx","all":false,"statementMap":{"0":{"start":{"line":1,"column":0},"end":{"line":1,"column":52}},"1":{"start":{"line":2,"column":0},"end":{"line":2,"column":60}},"2":{"start":{"line":3,"column":0},"end":{"line":3,"column":46}},"3":{"start":{"line":4,"column":0},"end":{"line":4,"column":51}},"4":{"start":{"line":5,"column":0},"end":{"line":5,"column":43}},"5":{"start":{"line":6,"column":0},"end":{"line":6,"column":48}},"6":{"start":{"line":7,"column":0},"end":{"line":7,"column":8}},"7":{"start":{"line":8,"column":0},"end":{"line":8,"column":15}},"8":{"start":{"line":9,"column":0},"end":{"line":9,"column":27}},"9":{"start":{"line":10,"column":0},"end":{"line":10,"column":22}},"10":{"start":{"line":11,"column":0},"end":{"line":11,"column":22}},"11":{"start":{"line":12,"column":0},"end":{"line":12,"column":39}},"12":{"start":{"line":13,"column":0},"end":{"line":13,"column":46}},"13":{"start":{"line":14,"column":0},"end":{"line":14,"column":8}},"14":{"start":{"line":15,"column":0},"end":{"line":15,"column":8}},"15":{"start":{"line":16,"column":0},"end":{"line":16,"column":12}},"16":{"start":{"line":17,"column":0},"end":{"line":17,"column":12}},"17":{"start":{"line":18,"column":0},"end":{"line":18,"column":12}},"18":{"start":{"line":19,"column":0},"end":{"line":19,"column":14}},"19":{"start":{"line":20,"column":0},"end":{"line":20,"column":11}},"20":{"start":{"line":21,"column":0},"end":{"line":21,"column":31}},"21":{"start":{"line":22,"column":0},"end":{"line":22,"column":59}},"22":{"start":{"line":23,"column":0},"end":{"line":23,"column":8}},"23":{"start":{"line":24,"column":0},"end":{"line":24,"column":9}},"24":{"start":{"line":25,"column":0},"end":{"line":25,"column":14}},"25":{"start":{"line":26,"column":0},"end":{"line":26,"column":16}},"26":{"start":{"line":27,"column":0},"end":{"line":27,"column":20}},"27":{"start":{"line":28,"column":0},"end":{"line":28,"column":15}},"28":{"start":{"line":29,"column":0},"end":{"line":29,"column":15}},"29":{"start":{"line":30,"column":0},"end":{"line":30,"column":14}},"30":{"start":{"line":31,"column":0},"end":{"line":31,"column":16}},"31":{"start":{"line":32,"column":0},"end":{"line":32,"column":21}},"32":{"start":{"line":33,"column":0},"end":{"line":33,"column":0}},"33":{"start":{"line":34,"column":0},"end":{"line":34,"column":52}},"34":{"start":{"line":35,"column":0},"end":{"line":35,"column":26}},"35":{"start":{"line":36,"column":0},"end":{"line":36,"column":39}},"36":{"start":{"line":37,"column":0},"end":{"line":37,"column":54}},"37":{"start":{"line":38,"column":0},"end":{"line":38,"column":42}},"38":{"start":{"line":39,"column":0},"end":{"line":39,"column":24}},"39":{"start":{"line":40,"column":0},"end":{"line":40,"column":8}},"40":{"start":{"line":41,"column":0},"end":{"line":41,"column":7}},"41":{"start":{"line":42,"column":0},"end":{"line":42,"column":14}},"42":{"start":{"line":43,"column":0},"end":{"line":43,"column":12}},"43":{"start":{"line":44,"column":0},"end":{"line":44,"column":11}},"44":{"start":{"line":45,"column":0},"end":{"line":45,"column":12}},"45":{"start":{"line":46,"column":0},"end":{"line":46,"column":14}},"46":{"start":{"line":47,"column":0},"end":{"line":47,"column":19}},"47":{"start":{"line":48,"column":0},"end":{"line":48,"column":63}},"48":{"start":{"line":49,"column":0},"end":{"line":49,"column":48}},"49":{"start":{"line":50,"column":0},"end":{"line":50,"column":54}},"50":{"start":{"line":51,"column":0},"end":{"line":51,"column":0}},"51":{"start":{"line":52,"column":0},"end":{"line":52,"column":29}},"52":{"start":{"line":53,"column":0},"end":{"line":53,"column":13}},"53":{"start":{"line":54,"column":0},"end":{"line":54,"column":13}},"54":{"start":{"line":55,"column":0},"end":{"line":55,"column":13}},"55":{"start":{"line":56,"column":0},"end":{"line":56,"column":58}},"56":{"start":{"line":57,"column":0},"end":{"line":57,"column":6}},"57":{"start":{"line":58,"column":0},"end":{"line":58,"column":14}},"58":{"start":{"line":59,"column":0},"end":{"line":59,"column":46}},"59":{"start":{"line":60,"column":0},"end":{"line":60,"column":7}},"60":{"start":{"line":61,"column":0},"end":{"line":61,"column":3}},"61":{"start":{"line":62,"column":0},"end":{"line":62,"column":0}},"62":{"start":{"line":63,"column":0},"end":{"line":63,"column":17}},"63":{"start":{"line":64,"column":0},"end":{"line":64,"column":19}},"64":{"start":{"line":65,"column":0},"end":{"line":65,"column":2}},"65":{"start":{"line":66,"column":0},"end":{"line":66,"column":0}},"66":{"start":{"line":67,"column":0},"end":{"line":67,"column":39}},"67":{"start":{"line":68,"column":0},"end":{"line":68,"column":65}},"68":{"start":{"line":69,"column":0},"end":{"line":69,"column":11}},"69":{"start":{"line":70,"column":0},"end":{"line":70,"column":33}},"70":{"start":{"line":71,"column":0},"end":{"line":71,"column":5}},"71":{"start":{"line":72,"column":0},"end":{"line":72,"column":9}},"72":{"start":{"line":73,"column":0},"end":{"line":73,"column":20}},"73":{"start":{"line":74,"column":0},"end":{"line":74,"column":32}},"74":{"start":{"line":75,"column":0},"end":{"line":75,"column":30}},"75":{"start":{"line":76,"column":0},"end":{"line":76,"column":21}},"76":{"start":{"line":77,"column":0},"end":{"line":77,"column":0}},"77":{"start":{"line":78,"column":0},"end":{"line":78,"column":35}},"78":{"start":{"line":79,"column":0},"end":{"line":79,"column":67}},"79":{"start":{"line":80,"column":0},"end":{"line":80,"column":6}},"80":{"start":{"line":81,"column":0},"end":{"line":81,"column":4}},"81":{"start":{"line":82,"column":0},"end":{"line":82,"column":0}},"82":{"start":{"line":83,"column":0},"end":{"line":83,"column":76}},"83":{"start":{"line":84,"column":0},"end":{"line":84,"column":0}},"84":{"start":{"line":85,"column":0},"end":{"line":85,"column":52}},"85":{"start":{"line":86,"column":0},"end":{"line":86,"column":38}},"86":{"start":{"line":87,"column":0},"end":{"line":87,"column":20}},"87":{"start":{"line":88,"column":0},"end":{"line":88,"column":19}},"88":{"start":{"line":89,"column":0},"end":{"line":89,"column":6}},"89":{"start":{"line":90,"column":0},"end":{"line":90,"column":5}},"90":{"start":{"line":91,"column":0},"end":{"line":91,"column":0}},"91":{"start":{"line":92,"column":0},"end":{"line":92,"column":34}},"92":{"start":{"line":93,"column":0},"end":{"line":93,"column":51}},"93":{"start":{"line":94,"column":0},"end":{"line":94,"column":34}},"94":{"start":{"line":95,"column":0},"end":{"line":95,"column":16}},"95":{"start":{"line":96,"column":0},"end":{"line":96,"column":26}},"96":{"start":{"line":97,"column":0},"end":{"line":97,"column":9}},"97":{"start":{"line":98,"column":0},"end":{"line":98,"column":6}},"98":{"start":{"line":99,"column":0},"end":{"line":99,"column":22}},"99":{"start":{"line":100,"column":0},"end":{"line":100,"column":13}},"100":{"start":{"line":101,"column":0},"end":{"line":101,"column":18}},"101":{"start":{"line":102,"column":0},"end":{"line":102,"column":87}},"102":{"start":{"line":103,"column":0},"end":{"line":103,"column":27}},"103":{"start":{"line":104,"column":0},"end":{"line":104,"column":37}},"104":{"start":{"line":105,"column":0},"end":{"line":105,"column":53}},"105":{"start":{"line":106,"column":0},"end":{"line":106,"column":9}},"106":{"start":{"line":107,"column":0},"end":{"line":107,"column":25}},"107":{"start":{"line":108,"column":0},"end":{"line":108,"column":19}},"108":{"start":{"line":109,"column":0},"end":{"line":109,"column":6}},"109":{"start":{"line":110,"column":0},"end":{"line":110,"column":20}},"110":{"start":{"line":111,"column":0},"end":{"line":111,"column":13}},"111":{"start":{"line":112,"column":0},"end":{"line":112,"column":18}},"112":{"start":{"line":113,"column":0},"end":{"line":113,"column":74}},"113":{"start":{"line":114,"column":0},"end":{"line":114,"column":31}},"114":{"start":{"line":115,"column":0},"end":{"line":115,"column":46}},"115":{"start":{"line":116,"column":0},"end":{"line":116,"column":62}},"116":{"start":{"line":117,"column":0},"end":{"line":117,"column":9}},"117":{"start":{"line":118,"column":0},"end":{"line":118,"column":6}},"118":{"start":{"line":119,"column":0},"end":{"line":119,"column":5}},"119":{"start":{"line":120,"column":0},"end":{"line":120,"column":0}},"120":{"start":{"line":121,"column":0},"end":{"line":121,"column":34}},"121":{"start":{"line":122,"column":0},"end":{"line":122,"column":45}},"122":{"start":{"line":123,"column":0},"end":{"line":123,"column":44}},"123":{"start":{"line":124,"column":0},"end":{"line":124,"column":25}},"124":{"start":{"line":125,"column":0},"end":{"line":125,"column":9}},"125":{"start":{"line":126,"column":0},"end":{"line":126,"column":6}},"126":{"start":{"line":127,"column":0},"end":{"line":127,"column":22}},"127":{"start":{"line":128,"column":0},"end":{"line":128,"column":13}},"128":{"start":{"line":129,"column":0},"end":{"line":129,"column":18}},"129":{"start":{"line":130,"column":0},"end":{"line":130,"column":87}},"130":{"start":{"line":131,"column":0},"end":{"line":131,"column":27}},"131":{"start":{"line":132,"column":0},"end":{"line":132,"column":37}},"132":{"start":{"line":133,"column":0},"end":{"line":133,"column":69}},"133":{"start":{"line":134,"column":0},"end":{"line":134,"column":9}},"134":{"start":{"line":135,"column":0},"end":{"line":135,"column":25}},"135":{"start":{"line":136,"column":0},"end":{"line":136,"column":6}},"136":{"start":{"line":137,"column":0},"end":{"line":137,"column":20}},"137":{"start":{"line":138,"column":0},"end":{"line":138,"column":13}},"138":{"start":{"line":139,"column":0},"end":{"line":139,"column":18}},"139":{"start":{"line":140,"column":0},"end":{"line":140,"column":74}},"140":{"start":{"line":141,"column":0},"end":{"line":141,"column":31}},"141":{"start":{"line":142,"column":0},"end":{"line":142,"column":46}},"142":{"start":{"line":143,"column":0},"end":{"line":143,"column":62}},"143":{"start":{"line":144,"column":0},"end":{"line":144,"column":9}},"144":{"start":{"line":145,"column":0},"end":{"line":145,"column":6}},"145":{"start":{"line":146,"column":0},"end":{"line":146,"column":5}},"146":{"start":{"line":147,"column":0},"end":{"line":147,"column":0}},"147":{"start":{"line":148,"column":0},"end":{"line":148,"column":34}},"148":{"start":{"line":149,"column":0},"end":{"line":149,"column":45}},"149":{"start":{"line":150,"column":0},"end":{"line":150,"column":46}},"150":{"start":{"line":151,"column":0},"end":{"line":151,"column":6}},"151":{"start":{"line":152,"column":0},"end":{"line":152,"column":22}},"152":{"start":{"line":153,"column":0},"end":{"line":153,"column":13}},"153":{"start":{"line":154,"column":0},"end":{"line":154,"column":18}},"154":{"start":{"line":155,"column":0},"end":{"line":155,"column":87}},"155":{"start":{"line":156,"column":0},"end":{"line":156,"column":27}},"156":{"start":{"line":157,"column":0},"end":{"line":157,"column":37}},"157":{"start":{"line":158,"column":0},"end":{"line":158,"column":53}},"158":{"start":{"line":159,"column":0},"end":{"line":159,"column":9}},"159":{"start":{"line":160,"column":0},"end":{"line":160,"column":25}},"160":{"start":{"line":161,"column":0},"end":{"line":161,"column":6}},"161":{"start":{"line":162,"column":0},"end":{"line":162,"column":20}},"162":{"start":{"line":163,"column":0},"end":{"line":163,"column":13}},"163":{"start":{"line":164,"column":0},"end":{"line":164,"column":18}},"164":{"start":{"line":165,"column":0},"end":{"line":165,"column":74}},"165":{"start":{"line":166,"column":0},"end":{"line":166,"column":31}},"166":{"start":{"line":167,"column":0},"end":{"line":167,"column":46}},"167":{"start":{"line":168,"column":0},"end":{"line":168,"column":62}},"168":{"start":{"line":169,"column":0},"end":{"line":169,"column":9}},"169":{"start":{"line":170,"column":0},"end":{"line":170,"column":6}},"170":{"start":{"line":171,"column":0},"end":{"line":171,"column":5}},"171":{"start":{"line":172,"column":0},"end":{"line":172,"column":0}},"172":{"start":{"line":173,"column":0},"end":{"line":173,"column":28}},"173":{"start":{"line":174,"column":0},"end":{"line":174,"column":9}},"174":{"start":{"line":175,"column":0},"end":{"line":175,"column":25}},"175":{"start":{"line":176,"column":0},"end":{"line":176,"column":40}},"176":{"start":{"line":177,"column":0},"end":{"line":177,"column":38}},"177":{"start":{"line":178,"column":0},"end":{"line":178,"column":46}},"178":{"start":{"line":179,"column":0},"end":{"line":179,"column":4}},"179":{"start":{"line":180,"column":0},"end":{"line":180,"column":0}},"180":{"start":{"line":181,"column":0},"end":{"line":181,"column":68}},"181":{"start":{"line":182,"column":0},"end":{"line":182,"column":40}},"182":{"start":{"line":183,"column":0},"end":{"line":183,"column":4}},"183":{"start":{"line":184,"column":0},"end":{"line":184,"column":0}},"184":{"start":{"line":185,"column":0},"end":{"line":185,"column":47}},"185":{"start":{"line":186,"column":0},"end":{"line":186,"column":53}},"186":{"start":{"line":187,"column":0},"end":{"line":187,"column":47}},"187":{"start":{"line":188,"column":0},"end":{"line":188,"column":12}},"188":{"start":{"line":189,"column":0},"end":{"line":189,"column":47}},"189":{"start":{"line":190,"column":0},"end":{"line":190,"column":5}},"190":{"start":{"line":191,"column":0},"end":{"line":191,"column":35}},"191":{"start":{"line":192,"column":0},"end":{"line":192,"column":19}},"192":{"start":{"line":193,"column":0},"end":{"line":193,"column":13}},"193":{"start":{"line":194,"column":0},"end":{"line":194,"column":8}},"194":{"start":{"line":195,"column":0},"end":{"line":195,"column":43}},"195":{"start":{"line":196,"column":0},"end":{"line":196,"column":0}},"196":{"start":{"line":197,"column":0},"end":{"line":197,"column":10}},"197":{"start":{"line":198,"column":0},"end":{"line":198,"column":183}},"198":{"start":{"line":199,"column":0},"end":{"line":199,"column":45}},"199":{"start":{"line":200,"column":0},"end":{"line":200,"column":110}},"200":{"start":{"line":201,"column":0},"end":{"line":201,"column":109}},"201":{"start":{"line":202,"column":0},"end":{"line":202,"column":16}},"202":{"start":{"line":203,"column":0},"end":{"line":203,"column":40}},"203":{"start":{"line":204,"column":0},"end":{"line":204,"column":41}},"204":{"start":{"line":205,"column":0},"end":{"line":205,"column":19}},"205":{"start":{"line":206,"column":0},"end":{"line":206,"column":77}},"206":{"start":{"line":207,"column":0},"end":{"line":207,"column":13}},"207":{"start":{"line":208,"column":0},"end":{"line":208,"column":32}},"208":{"start":{"line":209,"column":0},"end":{"line":209,"column":77}},"209":{"start":{"line":210,"column":0},"end":{"line":210,"column":13}},"210":{"start":{"line":211,"column":0},"end":{"line":211,"column":42}},"211":{"start":{"line":212,"column":0},"end":{"line":212,"column":12}},"212":{"start":{"line":213,"column":0},"end":{"line":213,"column":100}},"213":{"start":{"line":214,"column":0},"end":{"line":214,"column":20}},"214":{"start":{"line":215,"column":0},"end":{"line":215,"column":37}},"215":{"start":{"line":216,"column":0},"end":{"line":216,"column":67}},"216":{"start":{"line":217,"column":0},"end":{"line":217,"column":24}},"217":{"start":{"line":218,"column":0},"end":{"line":218,"column":25}},"218":{"start":{"line":219,"column":0},"end":{"line":219,"column":30}},"219":{"start":{"line":220,"column":0},"end":{"line":220,"column":58}},"220":{"start":{"line":221,"column":0},"end":{"line":221,"column":30}},"221":{"start":{"line":222,"column":0},"end":{"line":222,"column":56}},"222":{"start":{"line":223,"column":0},"end":{"line":223,"column":37}},"223":{"start":{"line":224,"column":0},"end":{"line":224,"column":46}},"224":{"start":{"line":225,"column":0},"end":{"line":225,"column":38}},"225":{"start":{"line":226,"column":0},"end":{"line":226,"column":31}},"226":{"start":{"line":227,"column":0},"end":{"line":227,"column":32}},"227":{"start":{"line":228,"column":0},"end":{"line":228,"column":23}},"228":{"start":{"line":229,"column":0},"end":{"line":229,"column":58}},"229":{"start":{"line":230,"column":0},"end":{"line":230,"column":60}},"230":{"start":{"line":231,"column":0},"end":{"line":231,"column":19}},"231":{"start":{"line":232,"column":0},"end":{"line":232,"column":30}},"232":{"start":{"line":233,"column":0},"end":{"line":233,"column":44}},"233":{"start":{"line":234,"column":0},"end":{"line":234,"column":37}},"234":{"start":{"line":235,"column":0},"end":{"line":235,"column":46}},"235":{"start":{"line":236,"column":0},"end":{"line":236,"column":73}},"236":{"start":{"line":237,"column":0},"end":{"line":237,"column":73}},"237":{"start":{"line":238,"column":0},"end":{"line":238,"column":60}},"238":{"start":{"line":239,"column":0},"end":{"line":239,"column":64}},"239":{"start":{"line":240,"column":0},"end":{"line":240,"column":36}},"240":{"start":{"line":241,"column":0},"end":{"line":241,"column":61}},"241":{"start":{"line":242,"column":0},"end":{"line":242,"column":58}},"242":{"start":{"line":243,"column":0},"end":{"line":243,"column":42}},"243":{"start":{"line":244,"column":0},"end":{"line":244,"column":32}},"244":{"start":{"line":245,"column":0},"end":{"line":245,"column":42}},"245":{"start":{"line":246,"column":0},"end":{"line":246,"column":32}},"246":{"start":{"line":247,"column":0},"end":{"line":247,"column":41}},"247":{"start":{"line":248,"column":0},"end":{"line":248,"column":35}},"248":{"start":{"line":249,"column":0},"end":{"line":249,"column":24}},"249":{"start":{"line":250,"column":0},"end":{"line":250,"column":22}},"250":{"start":{"line":251,"column":0},"end":{"line":251,"column":34}},"251":{"start":{"line":252,"column":0},"end":{"line":252,"column":43}},"252":{"start":{"line":253,"column":0},"end":{"line":253,"column":76}},"253":{"start":{"line":254,"column":0},"end":{"line":254,"column":32}},"254":{"start":{"line":255,"column":0},"end":{"line":255,"column":33}},"255":{"start":{"line":256,"column":0},"end":{"line":256,"column":36}},"256":{"start":{"line":257,"column":0},"end":{"line":257,"column":35}},"257":{"start":{"line":258,"column":0},"end":{"line":258,"column":25}},"258":{"start":{"line":259,"column":0},"end":{"line":259,"column":23}},"259":{"start":{"line":260,"column":0},"end":{"line":260,"column":30}},"260":{"start":{"line":261,"column":0},"end":{"line":261,"column":21}},"261":{"start":{"line":262,"column":0},"end":{"line":262,"column":26}},"262":{"start":{"line":263,"column":0},"end":{"line":263,"column":43}},"263":{"start":{"line":264,"column":0},"end":{"line":264,"column":42}},"264":{"start":{"line":265,"column":0},"end":{"line":265,"column":66}},"265":{"start":{"line":266,"column":0},"end":{"line":266,"column":25}},"266":{"start":{"line":267,"column":0},"end":{"line":267,"column":36}},"267":{"start":{"line":268,"column":0},"end":{"line":268,"column":47}},"268":{"start":{"line":269,"column":0},"end":{"line":269,"column":22}},"269":{"start":{"line":270,"column":0},"end":{"line":270,"column":34}},"270":{"start":{"line":271,"column":0},"end":{"line":271,"column":58}},"271":{"start":{"line":272,"column":0},"end":{"line":272,"column":36}},"272":{"start":{"line":273,"column":0},"end":{"line":273,"column":56}},"273":{"start":{"line":274,"column":0},"end":{"line":274,"column":35}},"274":{"start":{"line":275,"column":0},"end":{"line":275,"column":42}},"275":{"start":{"line":276,"column":0},"end":{"line":276,"column":42}},"276":{"start":{"line":277,"column":0},"end":{"line":277,"column":41}},"277":{"start":{"line":278,"column":0},"end":{"line":278,"column":48}},"278":{"start":{"line":279,"column":0},"end":{"line":279,"column":41}},"279":{"start":{"line":280,"column":0},"end":{"line":280,"column":48}},"280":{"start":{"line":281,"column":0},"end":{"line":281,"column":32}},"281":{"start":{"line":282,"column":0},"end":{"line":282,"column":41}},"282":{"start":{"line":283,"column":0},"end":{"line":283,"column":23}},"283":{"start":{"line":284,"column":0},"end":{"line":284,"column":22}},"284":{"start":{"line":285,"column":0},"end":{"line":285,"column":28}},"285":{"start":{"line":286,"column":0},"end":{"line":286,"column":47}},"286":{"start":{"line":287,"column":0},"end":{"line":287,"column":39}},"287":{"start":{"line":288,"column":0},"end":{"line":288,"column":46}},"288":{"start":{"line":289,"column":0},"end":{"line":289,"column":55}},"289":{"start":{"line":290,"column":0},"end":{"line":290,"column":51}},"290":{"start":{"line":291,"column":0},"end":{"line":291,"column":58}},"291":{"start":{"line":292,"column":0},"end":{"line":292,"column":25}},"292":{"start":{"line":293,"column":0},"end":{"line":293,"column":23}},"293":{"start":{"line":294,"column":0},"end":{"line":294,"column":47}},"294":{"start":{"line":295,"column":0},"end":{"line":295,"column":49}},"295":{"start":{"line":296,"column":0},"end":{"line":296,"column":22}},"296":{"start":{"line":297,"column":0},"end":{"line":297,"column":21}},"297":{"start":{"line":298,"column":0},"end":{"line":298,"column":36}},"298":{"start":{"line":299,"column":0},"end":{"line":299,"column":27}},"299":{"start":{"line":300,"column":0},"end":{"line":300,"column":16}},"300":{"start":{"line":301,"column":0},"end":{"line":301,"column":14}},"301":{"start":{"line":302,"column":0},"end":{"line":302,"column":50}},"302":{"start":{"line":303,"column":0},"end":{"line":303,"column":17}},"303":{"start":{"line":304,"column":0},"end":{"line":304,"column":25}},"304":{"start":{"line":305,"column":0},"end":{"line":305,"column":61}},"305":{"start":{"line":306,"column":0},"end":{"line":306,"column":47}},"306":{"start":{"line":307,"column":0},"end":{"line":307,"column":56}},"307":{"start":{"line":308,"column":0},"end":{"line":308,"column":28}},"308":{"start":{"line":309,"column":0},"end":{"line":309,"column":73}},"309":{"start":{"line":310,"column":0},"end":{"line":310,"column":45}},"310":{"start":{"line":311,"column":0},"end":{"line":311,"column":32}},"311":{"start":{"line":312,"column":0},"end":{"line":312,"column":39}},"312":{"start":{"line":313,"column":0},"end":{"line":313,"column":61}},"313":{"start":{"line":314,"column":0},"end":{"line":314,"column":49}},"314":{"start":{"line":315,"column":0},"end":{"line":315,"column":30}},"315":{"start":{"line":316,"column":0},"end":{"line":316,"column":34}},"316":{"start":{"line":317,"column":0},"end":{"line":317,"column":22}},"317":{"start":{"line":318,"column":0},"end":{"line":318,"column":21}},"318":{"start":{"line":319,"column":0},"end":{"line":319,"column":27}},"319":{"start":{"line":320,"column":0},"end":{"line":320,"column":17}},"320":{"start":{"line":321,"column":0},"end":{"line":321,"column":26}},"321":{"start":{"line":322,"column":0},"end":{"line":322,"column":47}},"322":{"start":{"line":323,"column":0},"end":{"line":323,"column":51}},"323":{"start":{"line":324,"column":0},"end":{"line":324,"column":55}},"324":{"start":{"line":325,"column":0},"end":{"line":325,"column":27}},"325":{"start":{"line":326,"column":0},"end":{"line":326,"column":32}},"326":{"start":{"line":327,"column":0},"end":{"line":327,"column":66}},"327":{"start":{"line":328,"column":0},"end":{"line":328,"column":19}},"328":{"start":{"line":329,"column":0},"end":{"line":329,"column":58}},"329":{"start":{"line":330,"column":0},"end":{"line":330,"column":47}},"330":{"start":{"line":331,"column":0},"end":{"line":331,"column":36}},"331":{"start":{"line":332,"column":0},"end":{"line":332,"column":53}},"332":{"start":{"line":333,"column":0},"end":{"line":333,"column":43}},"333":{"start":{"line":334,"column":0},"end":{"line":334,"column":26}},"334":{"start":{"line":335,"column":0},"end":{"line":335,"column":34}},"335":{"start":{"line":336,"column":0},"end":{"line":336,"column":23}},"336":{"start":{"line":337,"column":0},"end":{"line":337,"column":29}},"337":{"start":{"line":338,"column":0},"end":{"line":338,"column":18}},"338":{"start":{"line":339,"column":0},"end":{"line":339,"column":19}},"339":{"start":{"line":340,"column":0},"end":{"line":340,"column":26}},"340":{"start":{"line":341,"column":0},"end":{"line":341,"column":28}},"341":{"start":{"line":342,"column":0},"end":{"line":342,"column":62}},"342":{"start":{"line":343,"column":0},"end":{"line":343,"column":48}},"343":{"start":{"line":344,"column":0},"end":{"line":344,"column":19}},"344":{"start":{"line":345,"column":0},"end":{"line":345,"column":31}},"345":{"start":{"line":346,"column":0},"end":{"line":346,"column":30}},"346":{"start":{"line":347,"column":0},"end":{"line":347,"column":27}},"347":{"start":{"line":348,"column":0},"end":{"line":348,"column":16}},"348":{"start":{"line":349,"column":0},"end":{"line":349,"column":24}},"349":{"start":{"line":350,"column":0},"end":{"line":350,"column":18}},"350":{"start":{"line":351,"column":0},"end":{"line":351,"column":14}},"351":{"start":{"line":352,"column":0},"end":{"line":352,"column":72}},"352":{"start":{"line":353,"column":0},"end":{"line":353,"column":64}},"353":{"start":{"line":354,"column":0},"end":{"line":354,"column":63}},"354":{"start":{"line":355,"column":0},"end":{"line":355,"column":68}},"355":{"start":{"line":356,"column":0},"end":{"line":356,"column":16}},"356":{"start":{"line":357,"column":0},"end":{"line":357,"column":37}},"357":{"start":{"line":358,"column":0},"end":{"line":358,"column":19}},"358":{"start":{"line":359,"column":0},"end":{"line":359,"column":31}},"359":{"start":{"line":360,"column":0},"end":{"line":360,"column":23}},"360":{"start":{"line":361,"column":0},"end":{"line":361,"column":50}},"361":{"start":{"line":362,"column":0},"end":{"line":362,"column":52}},"362":{"start":{"line":363,"column":0},"end":{"line":363,"column":13}},"363":{"start":{"line":364,"column":0},"end":{"line":364,"column":22}},"364":{"start":{"line":365,"column":0},"end":{"line":365,"column":21}},"365":{"start":{"line":366,"column":0},"end":{"line":366,"column":19}},"366":{"start":{"line":367,"column":0},"end":{"line":367,"column":31}},"367":{"start":{"line":368,"column":0},"end":{"line":368,"column":23}},"368":{"start":{"line":369,"column":0},"end":{"line":369,"column":46}},"369":{"start":{"line":370,"column":0},"end":{"line":370,"column":48}},"370":{"start":{"line":371,"column":0},"end":{"line":371,"column":13}},"371":{"start":{"line":372,"column":0},"end":{"line":372,"column":18}},"372":{"start":{"line":373,"column":0},"end":{"line":373,"column":21}},"373":{"start":{"line":374,"column":0},"end":{"line":374,"column":16}},"374":{"start":{"line":375,"column":0},"end":{"line":375,"column":14}},"375":{"start":{"line":376,"column":0},"end":{"line":376,"column":57}},"376":{"start":{"line":377,"column":0},"end":{"line":377,"column":12}},"377":{"start":{"line":378,"column":0},"end":{"line":378,"column":22}},"378":{"start":{"line":379,"column":0},"end":{"line":379,"column":36}},"379":{"start":{"line":380,"column":0},"end":{"line":380,"column":30}},"380":{"start":{"line":381,"column":0},"end":{"line":381,"column":40}},"381":{"start":{"line":382,"column":0},"end":{"line":382,"column":8}},"382":{"start":{"line":383,"column":0},"end":{"line":383,"column":10}},"383":{"start":{"line":384,"column":0},"end":{"line":384,"column":4}},"384":{"start":{"line":385,"column":0},"end":{"line":385,"column":1}},"385":{"start":{"line":386,"column":0},"end":{"line":386,"column":0}},"386":{"start":{"line":387,"column":0},"end":{"line":387,"column":29}}},"s":{"0":1,"1":1,"2":1,"3":1,"4":1,"5":1,"6":1,"7":1,"8":1,"9":1,"10":1,"11":1,"12":1,"13":1,"14":1,"15":1,"16":1,"17":1,"18":1,"19":1,"20":1,"21":1,"22":1,"23":1,"24":1,"25":1,"26":1,"27":1,"28":1,"29":1,"30":1,"31":1,"32":1,"33":1,"34":1,"35":1,"36":1,"37":1,"38":1,"39":1,"40":1,"41":1,"42":1,"43":1,"44":1,"45":1,"46":1,"47":1,"48":1,"49":1,"50":1,"51":1,"52":1,"53":1,"54":1,"55":1,"56":1,"57":1,"58":1,"59":1,"60":1,"61":1,"62":1,"63":1,"64":1,"65":1,"66":8,"67":8,"68":8,"69":8,"70":8,"71":8,"72":8,"73":8,"74":8,"75":8,"76":8,"77":8,"78":8,"79":8,"80":8,"81":8,"82":8,"83":8,"84":8,"85":8,"86":8,"87":8,"88":8,"89":8,"90":8,"91":8,"92":8,"93":0,"94":0,"95":0,"96":0,"97":0,"98":8,"99":0,"100":0,"101":0,"102":0,"103":0,"104":0,"105":0,"106":0,"107":0,"108":0,"109":8,"110":0,"111":0,"112":0,"113":0,"114":0,"115":0,"116":0,"117":0,"118":8,"119":8,"120":8,"121":8,"122":0,"123":0,"124":0,"125":0,"126":8,"127":0,"128":0,"129":0,"130":0,"131":0,"132":0,"133":0,"134":0,"135":0,"136":8,"137":0,"138":0,"139":0,"140":0,"141":0,"142":0,"143":0,"144":0,"145":8,"146":8,"147":8,"148":8,"149":0,"150":0,"151":8,"152":0,"153":0,"154":0,"155":0,"156":0,"157":0,"158":0,"159":0,"160":0,"161":8,"162":0,"163":0,"164":0,"165":0,"166":0,"167":0,"168":0,"169":0,"170":8,"171":8,"172":8,"173":8,"174":8,"175":0,"176":0,"177":8,"178":8,"179":8,"180":8,"181":0,"182":0,"183":8,"184":8,"185":0,"186":0,"187":0,"188":0,"189":0,"190":0,"191":0,"192":0,"193":0,"194":8,"195":8,"196":8,"197":8,"198":8,"199":8,"200":8,"201":8,"202":8,"203":8,"204":8,"205":8,"206":8,"207":8,"208":0,"209":8,"210":8,"211":8,"212":8,"213":8,"214":8,"215":8,"216":8,"217":8,"218":8,"219":8,"220":8,"221":8,"222":8,"223":8,"224":8,"225":8,"226":8,"227":8,"228":8,"229":8,"230":8,"231":8,"232":8,"233":8,"234":8,"235":8,"236":8,"237":8,"238":8,"239":8,"240":8,"241":8,"242":8,"243":8,"244":8,"245":8,"246":8,"247":8,"248":8,"249":8,"250":8,"251":8,"252":8,"253":8,"254":8,"255":8,"256":8,"257":8,"258":8,"259":8,"260":8,"261":8,"262":8,"263":8,"264":8,"265":8,"266":8,"267":8,"268":8,"269":8,"270":8,"271":8,"272":32,"273":32,"274":32,"275":8,"276":32,"277":8,"278":32,"279":0,"280":32,"281":16,"282":32,"283":32,"284":32,"285":32,"286":32,"287":32,"288":32,"289":32,"290":0,"291":32,"292":32,"293":32,"294":32,"295":32,"296":32,"297":8,"298":8,"299":8,"300":8,"301":8,"302":8,"303":8,"304":8,"305":8,"306":8,"307":40,"308":40,"309":40,"310":0,"311":40,"312":40,"313":40,"314":40,"315":40,"316":40,"317":40,"318":8,"319":8,"320":8,"321":8,"322":8,"323":0,"324":0,"325":0,"326":0,"327":0,"328":0,"329":0,"330":0,"331":0,"332":0,"333":0,"334":0,"335":0,"336":0,"337":0,"338":0,"339":8,"340":8,"341":8,"342":8,"343":8,"344":8,"345":8,"346":8,"347":8,"348":8,"349":8,"350":8,"351":8,"352":8,"353":8,"354":8,"355":8,"356":8,"357":8,"358":8,"359":8,"360":8,"361":8,"362":8,"363":8,"364":8,"365":8,"366":8,"367":8,"368":8,"369":8,"370":8,"371":8,"372":8,"373":8,"374":8,"375":8,"376":8,"377":8,"378":8,"379":8,"380":8,"381":8,"382":8,"383":8,"384":8,"385":1,"386":1},"branchMap":{"0":{"type":"branch","line":67,"loc":{"start":{"line":67,"column":0},"end":{"line":385,"column":1}},"locations":[{"start":{"line":67,"column":0},"end":{"line":385,"column":1}}]},"1":{"type":"branch","line":199,"loc":{"start":{"line":199,"column":40},"end":{"line":199,"column":45}},"locations":[{"start":{"line":199,"column":40},"end":{"line":199,"column":45}}]},"2":{"type":"branch","line":323,"loc":{"start":{"line":323,"column":41},"end":{"line":340,"column":17}},"locations":[{"start":{"line":323,"column":41},"end":{"line":340,"column":17}}]},"3":{"type":"branch","line":174,"loc":{"start":{"line":174,"column":4},"end":{"line":177,"column":38}},"locations":[{"start":{"line":174,"column":4},"end":{"line":177,"column":38}}]},"4":{"type":"branch","line":175,"loc":{"start":{"line":175,"column":6},"end":{"line":176,"column":40}},"locations":[{"start":{"line":175,"column":6},"end":{"line":176,"column":40}}]},"5":{"type":"branch","line":176,"loc":{"start":{"line":176,"column":28},"end":{"line":177,"column":38}},"locations":[{"start":{"line":176,"column":28},"end":{"line":177,"column":38}}]},"6":{"type":"branch","line":271,"loc":{"start":{"line":271,"column":26},"end":{"line":271,"column":58}},"locations":[{"start":{"line":271,"column":26},"end":{"line":271,"column":58}}]},"7":{"type":"branch","line":272,"loc":{"start":{"line":272,"column":23},"end":{"line":297,"column":21}},"locations":[{"start":{"line":272,"column":23},"end":{"line":297,"column":21}}]},"8":{"type":"branch","line":273,"loc":{"start":{"line":273,"column":39},"end":{"line":284,"column":22}},"locations":[{"start":{"line":273,"column":39},"end":{"line":284,"column":22}}]},"9":{"type":"branch","line":275,"loc":{"start":{"line":275,"column":24},"end":{"line":276,"column":42}},"locations":[{"start":{"line":275,"column":24},"end":{"line":276,"column":42}}]},"10":{"type":"branch","line":277,"loc":{"start":{"line":277,"column":24},"end":{"line":278,"column":48}},"locations":[{"start":{"line":277,"column":24},"end":{"line":278,"column":48}}]},"11":{"type":"branch","line":279,"loc":{"start":{"line":279,"column":24},"end":{"line":280,"column":48}},"locations":[{"start":{"line":279,"column":24},"end":{"line":280,"column":48}}]},"12":{"type":"branch","line":281,"loc":{"start":{"line":281,"column":24},"end":{"line":282,"column":41}},"locations":[{"start":{"line":281,"column":24},"end":{"line":282,"column":41}}]},"13":{"type":"branch","line":307,"loc":{"start":{"line":307,"column":43},"end":{"line":318,"column":21}},"locations":[{"start":{"line":307,"column":43},"end":{"line":318,"column":21}}]},"14":{"type":"branch","line":311,"loc":{"start":{"line":311,"column":-2},"end":{"line":311,"column":32}},"locations":[{"start":{"line":311,"column":-2},"end":{"line":311,"column":32}}]}},"b":{"0":[8],"1":[0],"2":[0],"3":[8],"4":[0],"5":[0],"6":[40],"7":[32],"8":[32],"9":[8],"10":[8],"11":[0],"12":[16],"13":[40],"14":[0]},"fnMap":{"0":{"name":"MainContainer","decl":{"start":{"line":67,"column":0},"end":{"line":385,"column":1}},"loc":{"start":{"line":67,"column":0},"end":{"line":385,"column":1}},"line":67},"1":{"name":"mutationFn","decl":{"start":{"line":93,"column":16},"end":{"line":98,"column":6}},"loc":{"start":{"line":93,"column":16},"end":{"line":98,"column":6}},"line":93},"2":{"name":"onSuccess","decl":{"start":{"line":99,"column":15},"end":{"line":109,"column":6}},"loc":{"start":{"line":99,"column":15},"end":{"line":109,"column":6}},"line":99},"3":{"name":"onError","decl":{"start":{"line":110,"column":13},"end":{"line":118,"column":6}},"loc":{"start":{"line":110,"column":13},"end":{"line":118,"column":6}},"line":110},"4":{"name":"mutationFn","decl":{"start":{"line":122,"column":16},"end":{"line":126,"column":6}},"loc":{"start":{"line":122,"column":16},"end":{"line":126,"column":6}},"line":122},"5":{"name":"onSuccess","decl":{"start":{"line":127,"column":15},"end":{"line":136,"column":6}},"loc":{"start":{"line":127,"column":15},"end":{"line":136,"column":6}},"line":127},"6":{"name":"onError","decl":{"start":{"line":137,"column":13},"end":{"line":145,"column":6}},"loc":{"start":{"line":137,"column":13},"end":{"line":145,"column":6}},"line":137},"7":{"name":"mutationFn","decl":{"start":{"line":149,"column":16},"end":{"line":151,"column":6}},"loc":{"start":{"line":149,"column":16},"end":{"line":151,"column":6}},"line":149},"8":{"name":"onSuccess","decl":{"start":{"line":152,"column":15},"end":{"line":161,"column":6}},"loc":{"start":{"line":152,"column":15},"end":{"line":161,"column":6}},"line":152},"9":{"name":"onError","decl":{"start":{"line":162,"column":13},"end":{"line":170,"column":6}},"loc":{"start":{"line":162,"column":13},"end":{"line":170,"column":6}},"line":162},"10":{"name":"submitForm","decl":{"start":{"line":181,"column":21},"end":{"line":183,"column":4}},"loc":{"start":{"line":181,"column":21},"end":{"line":183,"column":4}},"line":181},"11":{"name":"onChange","decl":{"start":{"line":208,"column":22},"end":{"line":209,"column":77}},"loc":{"start":{"line":208,"column":22},"end":{"line":209,"column":77}},"line":208},"12":{"name":"handleName","decl":{"start":{"line":273,"column":39},"end":{"line":284,"column":22}},"loc":{"start":{"line":273,"column":39},"end":{"line":284,"column":22}},"line":273},"13":{"name":"onCheckedChange","decl":{"start":{"line":290,"column":41},"end":{"line":291,"column":58}},"loc":{"start":{"line":290,"column":41},"end":{"line":291,"column":58}},"line":290},"14":{"name":"onClick","decl":{"start":{"line":361,"column":23},"end":{"line":361,"column":50}},"loc":{"start":{"line":361,"column":23},"end":{"line":361,"column":50}},"line":361},"15":{"name":"onClick","decl":{"start":{"line":369,"column":23},"end":{"line":369,"column":46}},"loc":{"start":{"line":369,"column":23},"end":{"line":369,"column":46}},"line":369}},"f":{"0":8,"1":0,"2":0,"3":0,"4":0,"5":0,"6":0,"7":0,"8":0,"9":0,"10":0,"11":0,"12":32,"13":0,"14":0,"15":0}}
,"C:\\Users\\ismai\\Downloads\\Coding\\Interview\\Inti Corpora\\todos-inti-corpora\\src\\components\\Navbar.tsx": {"path":"C:\\Users\\ismai\\Downloads\\Coding\\Interview\\Inti Corpora\\todos-inti-corpora\\src\\components\\Navbar.tsx","all":false,"statementMap":{"0":{"start":{"line":1,"column":0},"end":{"line":1,"column":26}},"1":{"start":{"line":2,"column":0},"end":{"line":2,"column":63}},"2":{"start":{"line":3,"column":0},"end":{"line":3,"column":44}},"3":{"start":{"line":4,"column":0},"end":{"line":4,"column":37}},"4":{"start":{"line":5,"column":0},"end":{"line":5,"column":0}},"5":{"start":{"line":6,"column":0},"end":{"line":6,"column":53}},"6":{"start":{"line":7,"column":0},"end":{"line":7,"column":10}},"7":{"start":{"line":8,"column":0},"end":{"line":8,"column":85}},"8":{"start":{"line":9,"column":0},"end":{"line":9,"column":13}},"9":{"start":{"line":10,"column":0},"end":{"line":10,"column":25}},"10":{"start":{"line":11,"column":0},"end":{"line":11,"column":94}},"11":{"start":{"line":12,"column":0},"end":{"line":12,"column":7}},"12":{"start":{"line":13,"column":0},"end":{"line":13,"column":59}},"13":{"start":{"line":14,"column":0},"end":{"line":14,"column":15}},"14":{"start":{"line":15,"column":0},"end":{"line":15,"column":78}},"15":{"start":{"line":16,"column":0},"end":{"line":16,"column":29}},"16":{"start":{"line":17,"column":0},"end":{"line":17,"column":12}},"17":{"start":{"line":18,"column":0},"end":{"line":18,"column":10}},"18":{"start":{"line":19,"column":0},"end":{"line":19,"column":4}},"19":{"start":{"line":20,"column":0},"end":{"line":20,"column":1}}},"s":{"0":1,"1":1,"2":1,"3":1,"4":1,"5":1,"6":8,"7":8,"8":8,"9":8,"10":8,"11":8,"12":8,"13":8,"14":8,"15":8,"16":8,"17":8,"18":8,"19":8},"branchMap":{"0":{"type":"branch","line":6,"loc":{"start":{"line":6,"column":15},"end":{"line":20,"column":1}},"locations":[{"start":{"line":6,"column":15},"end":{"line":20,"column":1}}]}},"b":{"0":[8]},"fnMap":{"0":{"name":"Navbar","decl":{"start":{"line":6,"column":15},"end":{"line":20,"column":1}},"loc":{"start":{"line":6,"column":15},"end":{"line":20,"column":1}},"line":6}},"f":{"0":8}}
,"C:\\Users\\ismai\\Downloads\\Coding\\Interview\\Inti Corpora\\todos-inti-corpora\\src\\components\\TableTodos.tsx": {"path":"C:\\Users\\ismai\\Downloads\\Coding\\Interview\\Inti Corpora\\todos-inti-corpora\\src\\components\\TableTodos.tsx","all":false,"statementMap":{"0":{"start":{"line":1,"column":0},"end":{"line":1,"column":8}},"1":{"start":{"line":2,"column":0},"end":{"line":2,"column":12}},"2":{"start":{"line":3,"column":0},"end":{"line":3,"column":21}},"3":{"start":{"line":4,"column":0},"end":{"line":4,"column":15}},"4":{"start":{"line":5,"column":0},"end":{"line":5,"column":18}},"5":{"start":{"line":6,"column":0},"end":{"line":6,"column":18}},"6":{"start":{"line":7,"column":0},"end":{"line":7,"column":22}},"7":{"start":{"line":8,"column":0},"end":{"line":8,"column":24}},"8":{"start":{"line":9,"column":0},"end":{"line":9,"column":20}},"9":{"start":{"line":10,"column":0},"end":{"line":10,"column":16}},"10":{"start":{"line":11,"column":0},"end":{"line":11,"column":31}},"11":{"start":{"line":12,"column":0},"end":{"line":12,"column":59}},"12":{"start":{"line":13,"column":0},"end":{"line":13,"column":8}},"13":{"start":{"line":14,"column":0},"end":{"line":14,"column":15}},"14":{"start":{"line":15,"column":0},"end":{"line":15,"column":22}},"15":{"start":{"line":16,"column":0},"end":{"line":16,"column":19}},"16":{"start":{"line":17,"column":0},"end":{"line":17,"column":20}},"17":{"start":{"line":18,"column":0},"end":{"line":18,"column":24}},"18":{"start":{"line":19,"column":0},"end":{"line":19,"column":22}},"19":{"start":{"line":20,"column":0},"end":{"line":20,"column":28}},"20":{"start":{"line":21,"column":0},"end":{"line":21,"column":37}},"21":{"start":{"line":22,"column":0},"end":{"line":22,"column":26}},"22":{"start":{"line":23,"column":0},"end":{"line":23,"column":36}},"23":{"start":{"line":24,"column":0},"end":{"line":24,"column":35}},"24":{"start":{"line":25,"column":0},"end":{"line":25,"column":33}},"25":{"start":{"line":26,"column":0},"end":{"line":26,"column":63}},"26":{"start":{"line":27,"column":0},"end":{"line":27,"column":0}},"27":{"start":{"line":28,"column":0},"end":{"line":28,"column":27}},"28":{"start":{"line":29,"column":0},"end":{"line":29,"column":55}},"29":{"start":{"line":30,"column":0},"end":{"line":30,"column":45}},"30":{"start":{"line":31,"column":0},"end":{"line":31,"column":10}},"31":{"start":{"line":32,"column":0},"end":{"line":32,"column":5}},"32":{"start":{"line":33,"column":0},"end":{"line":33,"column":30}},"33":{"start":{"line":34,"column":0},"end":{"line":34,"column":31}},"34":{"start":{"line":35,"column":0},"end":{"line":35,"column":16}},"35":{"start":{"line":36,"column":0},"end":{"line":36,"column":17}},"36":{"start":{"line":37,"column":0},"end":{"line":37,"column":27}},"37":{"start":{"line":38,"column":0},"end":{"line":38,"column":80}},"38":{"start":{"line":39,"column":0},"end":{"line":39,"column":65}},"39":{"start":{"line":40,"column":0},"end":{"line":40,"column":11}},"40":{"start":{"line":41,"column":0},"end":{"line":41,"column":16}},"41":{"start":{"line":42,"column":0},"end":{"line":42,"column":52}},"42":{"start":{"line":43,"column":0},"end":{"line":43,"column":19}},"43":{"start":{"line":44,"column":0},"end":{"line":44,"column":10}},"44":{"start":{"line":45,"column":0},"end":{"line":45,"column":8}},"45":{"start":{"line":46,"column":0},"end":{"line":46,"column":26}},"46":{"start":{"line":47,"column":0},"end":{"line":47,"column":71}},"47":{"start":{"line":48,"column":0},"end":{"line":48,"column":8}},"48":{"start":{"line":49,"column":0},"end":{"line":49,"column":6}},"49":{"start":{"line":50,"column":0},"end":{"line":50,"column":5}},"50":{"start":{"line":51,"column":0},"end":{"line":51,"column":32}},"51":{"start":{"line":52,"column":0},"end":{"line":52,"column":62}},"52":{"start":{"line":53,"column":0},"end":{"line":53,"column":26}},"53":{"start":{"line":54,"column":0},"end":{"line":54,"column":63}},"54":{"start":{"line":55,"column":0},"end":{"line":55,"column":16}},"55":{"start":{"line":56,"column":0},"end":{"line":56,"column":23}},"56":{"start":{"line":57,"column":0},"end":{"line":57,"column":73}},"57":{"start":{"line":58,"column":0},"end":{"line":58,"column":13}},"58":{"start":{"line":59,"column":0},"end":{"line":59,"column":11}},"59":{"start":{"line":60,"column":0},"end":{"line":60,"column":64}},"60":{"start":{"line":61,"column":0},"end":{"line":61,"column":18}},"61":{"start":{"line":62,"column":0},"end":{"line":62,"column":14}},"62":{"start":{"line":63,"column":0},"end":{"line":63,"column":8}},"63":{"start":{"line":64,"column":0},"end":{"line":64,"column":6}},"64":{"start":{"line":65,"column":0},"end":{"line":65,"column":5}},"65":{"start":{"line":66,"column":0},"end":{"line":66,"column":31}},"66":{"start":{"line":67,"column":0},"end":{"line":67,"column":68}},"67":{"start":{"line":68,"column":0},"end":{"line":68,"column":26}},"68":{"start":{"line":69,"column":0},"end":{"line":69,"column":56}},"69":{"start":{"line":70,"column":0},"end":{"line":70,"column":30}},"70":{"start":{"line":71,"column":0},"end":{"line":71,"column":60}},"71":{"start":{"line":72,"column":0},"end":{"line":72,"column":15}},"72":{"start":{"line":73,"column":0},"end":{"line":73,"column":73}},"73":{"start":{"line":74,"column":0},"end":{"line":74,"column":8}},"74":{"start":{"line":75,"column":0},"end":{"line":75,"column":6}},"75":{"start":{"line":76,"column":0},"end":{"line":76,"column":5}},"76":{"start":{"line":77,"column":0},"end":{"line":77,"column":30}},"77":{"start":{"line":78,"column":0},"end":{"line":78,"column":68}},"78":{"start":{"line":79,"column":0},"end":{"line":79,"column":26}},"79":{"start":{"line":80,"column":0},"end":{"line":80,"column":55}},"80":{"start":{"line":81,"column":0},"end":{"line":81,"column":30}},"81":{"start":{"line":82,"column":0},"end":{"line":82,"column":66}},"82":{"start":{"line":83,"column":0},"end":{"line":83,"column":15}},"83":{"start":{"line":84,"column":0},"end":{"line":84,"column":73}},"84":{"start":{"line":85,"column":0},"end":{"line":85,"column":8}},"85":{"start":{"line":86,"column":0},"end":{"line":86,"column":6}},"86":{"start":{"line":87,"column":0},"end":{"line":87,"column":5}},"87":{"start":{"line":88,"column":0},"end":{"line":88,"column":20}},"88":{"start":{"line":89,"column":0},"end":{"line":89,"column":26}},"89":{"start":{"line":90,"column":0},"end":{"line":90,"column":26}},"90":{"start":{"line":91,"column":0},"end":{"line":91,"column":34}},"91":{"start":{"line":92,"column":0},"end":{"line":92,"column":0}},"92":{"start":{"line":93,"column":0},"end":{"line":93,"column":16}},"93":{"start":{"line":94,"column":0},"end":{"line":94,"column":54}},"94":{"start":{"line":95,"column":0},"end":{"line":95,"column":26}},"95":{"start":{"line":96,"column":0},"end":{"line":96,"column":79}},"96":{"start":{"line":97,"column":0},"end":{"line":97,"column":64}},"97":{"start":{"line":98,"column":0},"end":{"line":98,"column":60}},"98":{"start":{"line":99,"column":0},"end":{"line":99,"column":56}},"99":{"start":{"line":100,"column":0},"end":{"line":100,"column":25}},"100":{"start":{"line":101,"column":0},"end":{"line":101,"column":36}},"101":{"start":{"line":102,"column":0},"end":{"line":102,"column":47}},"102":{"start":{"line":103,"column":0},"end":{"line":103,"column":62}},"103":{"start":{"line":104,"column":0},"end":{"line":104,"column":37}},"104":{"start":{"line":105,"column":0},"end":{"line":105,"column":20}},"105":{"start":{"line":106,"column":0},"end":{"line":106,"column":45}},"106":{"start":{"line":107,"column":0},"end":{"line":107,"column":37}},"107":{"start":{"line":108,"column":0},"end":{"line":108,"column":63}},"108":{"start":{"line":109,"column":0},"end":{"line":109,"column":36}},"109":{"start":{"line":110,"column":0},"end":{"line":110,"column":38}},"110":{"start":{"line":111,"column":0},"end":{"line":111,"column":39}},"111":{"start":{"line":112,"column":0},"end":{"line":112,"column":55}},"112":{"start":{"line":113,"column":0},"end":{"line":113,"column":26}},"113":{"start":{"line":114,"column":0},"end":{"line":114,"column":23}},"114":{"start":{"line":115,"column":0},"end":{"line":115,"column":21}},"115":{"start":{"line":116,"column":0},"end":{"line":116,"column":40}},"116":{"start":{"line":117,"column":0},"end":{"line":117,"column":39}},"117":{"start":{"line":118,"column":0},"end":{"line":118,"column":21}},"118":{"start":{"line":119,"column":0},"end":{"line":119,"column":25}},"119":{"start":{"line":120,"column":0},"end":{"line":120,"column":41}},"120":{"start":{"line":121,"column":0},"end":{"line":121,"column":33}},"121":{"start":{"line":122,"column":0},"end":{"line":122,"column":59}},"122":{"start":{"line":123,"column":0},"end":{"line":123,"column":32}},"123":{"start":{"line":124,"column":0},"end":{"line":124,"column":80}},"124":{"start":{"line":125,"column":0},"end":{"line":125,"column":19}},"125":{"start":{"line":126,"column":0},"end":{"line":126,"column":17}},"126":{"start":{"line":127,"column":0},"end":{"line":127,"column":29}},"127":{"start":{"line":128,"column":0},"end":{"line":128,"column":35}},"128":{"start":{"line":129,"column":0},"end":{"line":129,"column":36}},"129":{"start":{"line":130,"column":0},"end":{"line":130,"column":27}},"130":{"start":{"line":131,"column":0},"end":{"line":131,"column":16}},"131":{"start":{"line":132,"column":0},"end":{"line":132,"column":10}},"132":{"start":{"line":133,"column":0},"end":{"line":133,"column":8}},"133":{"start":{"line":134,"column":0},"end":{"line":134,"column":6}},"134":{"start":{"line":135,"column":0},"end":{"line":135,"column":4}},"135":{"start":{"line":136,"column":0},"end":{"line":136,"column":2}},"136":{"start":{"line":137,"column":0},"end":{"line":137,"column":0}},"137":{"start":{"line":138,"column":0},"end":{"line":138,"column":32}},"138":{"start":{"line":139,"column":0},"end":{"line":139,"column":7}},"139":{"start":{"line":140,"column":0},"end":{"line":140,"column":15}},"140":{"start":{"line":141,"column":0},"end":{"line":141,"column":4}},"141":{"start":{"line":142,"column":0},"end":{"line":142,"column":16}},"142":{"start":{"line":143,"column":0},"end":{"line":143,"column":56}},"143":{"start":{"line":144,"column":0},"end":{"line":144,"column":4}},"144":{"start":{"line":145,"column":0},"end":{"line":145,"column":65}},"145":{"start":{"line":146,"column":0},"end":{"line":146,"column":79}},"146":{"start":{"line":147,"column":0},"end":{"line":147,"column":6}},"147":{"start":{"line":148,"column":0},"end":{"line":148,"column":4}},"148":{"start":{"line":149,"column":0},"end":{"line":149,"column":54}},"149":{"start":{"line":150,"column":0},"end":{"line":150,"column":38}},"150":{"start":{"line":151,"column":0},"end":{"line":151,"column":36}},"151":{"start":{"line":152,"column":0},"end":{"line":152,"column":5}},"152":{"start":{"line":153,"column":0},"end":{"line":153,"column":49}},"153":{"start":{"line":154,"column":0},"end":{"line":154,"column":40}},"154":{"start":{"line":155,"column":0},"end":{"line":155,"column":0}},"155":{"start":{"line":156,"column":0},"end":{"line":156,"column":31}},"156":{"start":{"line":157,"column":0},"end":{"line":157,"column":9}},"157":{"start":{"line":158,"column":0},"end":{"line":158,"column":39}},"158":{"start":{"line":159,"column":0},"end":{"line":159,"column":32}},"159":{"start":{"line":160,"column":0},"end":{"line":160,"column":44}},"160":{"start":{"line":161,"column":0},"end":{"line":161,"column":39}},"161":{"start":{"line":162,"column":0},"end":{"line":162,"column":51}},"162":{"start":{"line":163,"column":0},"end":{"line":163,"column":43}},"163":{"start":{"line":164,"column":0},"end":{"line":164,"column":47}},"164":{"start":{"line":165,"column":0},"end":{"line":165,"column":50}},"165":{"start":{"line":166,"column":0},"end":{"line":166,"column":38}},"166":{"start":{"line":167,"column":0},"end":{"line":167,"column":12}},"167":{"start":{"line":168,"column":0},"end":{"line":168,"column":14}},"168":{"start":{"line":169,"column":0},"end":{"line":169,"column":20}},"169":{"start":{"line":170,"column":0},"end":{"line":170,"column":23}},"170":{"start":{"line":171,"column":0},"end":{"line":171,"column":17}},"171":{"start":{"line":172,"column":0},"end":{"line":172,"column":6}},"172":{"start":{"line":173,"column":0},"end":{"line":173,"column":5}},"173":{"start":{"line":174,"column":0},"end":{"line":174,"column":0}},"174":{"start":{"line":175,"column":0},"end":{"line":175,"column":19}},"175":{"start":{"line":176,"column":0},"end":{"line":176,"column":1}}},"s":{"0":1,"1":1,"2":1,"3":1,"4":1,"5":1,"6":1,"7":1,"8":1,"9":1,"10":1,"11":1,"12":1,"13":1,"14":1,"15":1,"16":1,"17":1,"18":1,"19":1,"20":1,"21":1,"22":1,"23":1,"24":1,"25":1,"26":1,"27":1,"28":1,"29":1,"30":16,"31":16,"32":16,"33":16,"34":8,"35":8,"36":8,"37":8,"38":8,"39":8,"40":8,"41":8,"42":8,"43":8,"44":8,"45":16,"46":16,"47":16,"48":16,"49":16,"50":16,"51":16,"52":16,"53":16,"54":16,"55":16,"56":16,"57":16,"58":16,"59":16,"60":16,"61":16,"62":16,"63":16,"64":16,"65":16,"66":16,"67":16,"68":0,"69":0,"70":0,"71":0,"72":0,"73":0,"74":16,"75":16,"76":16,"77":16,"78":16,"79":0,"80":0,"81":0,"82":0,"83":0,"84":0,"85":16,"86":16,"87":16,"88":16,"89":16,"90":0,"91":0,"92":0,"93":0,"94":0,"95":0,"96":0,"97":0,"98":0,"99":0,"100":0,"101":0,"102":0,"103":0,"104":0,"105":0,"106":0,"107":0,"108":0,"109":0,"110":0,"111":0,"112":0,"113":0,"114":0,"115":0,"116":0,"117":0,"118":0,"119":0,"120":0,"121":0,"122":0,"123":0,"124":0,"125":0,"126":0,"127":0,"128":0,"129":0,"130":0,"131":0,"132":0,"133":16,"134":16,"135":16,"136":1,"137":1,"138":8,"139":8,"140":8,"141":8,"142":8,"143":8,"144":8,"145":8,"146":8,"147":8,"148":8,"149":8,"150":8,"151":8,"152":8,"153":8,"154":8,"155":8,"156":8,"157":8,"158":8,"159":8,"160":8,"161":8,"162":8,"163":8,"164":8,"165":8,"166":8,"167":8,"168":8,"169":8,"170":8,"171":8,"172":8,"173":8,"174":8,"175":8},"branchMap":{"0":{"type":"branch","line":30,"loc":{"start":{"line":30,"column":26},"end":{"line":136,"column":2}},"locations":[{"start":{"line":30,"column":26},"end":{"line":136,"column":2}}]},"1":{"type":"branch","line":34,"loc":{"start":{"line":34,"column":14},"end":{"line":45,"column":8}},"locations":[{"start":{"line":34,"column":14},"end":{"line":45,"column":8}}]},"2":{"type":"branch","line":138,"loc":{"start":{"line":138,"column":7},"end":{"line":176,"column":1}},"locations":[{"start":{"line":138,"column":7},"end":{"line":176,"column":1}}]}},"b":{"0":[16],"1":[8],"2":[8]},"fnMap":{"0":{"name":"columnsTodo","decl":{"start":{"line":30,"column":26},"end":{"line":136,"column":2}},"loc":{"start":{"line":30,"column":26},"end":{"line":136,"column":2}},"line":30},"1":{"name":"header","decl":{"start":{"line":34,"column":14},"end":{"line":45,"column":8}},"loc":{"start":{"line":34,"column":14},"end":{"line":45,"column":8}},"line":34},"2":{"name":"onClick","decl":{"start":{"line":38,"column":21},"end":{"line":38,"column":80}},"loc":{"start":{"line":38,"column":21},"end":{"line":38,"column":80}},"line":38},"3":{"name":"cell","decl":{"start":{"line":68,"column":12},"end":{"line":74,"column":8}},"loc":{"start":{"line":68,"column":12},"end":{"line":74,"column":8}},"line":68},"4":{"name":"cell","decl":{"start":{"line":79,"column":12},"end":{"line":85,"column":8}},"loc":{"start":{"line":79,"column":12},"end":{"line":85,"column":8}},"line":79},"5":{"name":"cell","decl":{"start":{"line":90,"column":12},"end":{"line":133,"column":8}},"loc":{"start":{"line":90,"column":12},"end":{"line":133,"column":8}},"line":90},"6":{"name":"DataTableTodos","decl":{"start":{"line":138,"column":7},"end":{"line":176,"column":1}},"loc":{"start":{"line":138,"column":7},"end":{"line":176,"column":1}},"line":138}},"f":{"0":16,"1":8,"2":0,"3":0,"4":0,"5":0,"6":8}}
,"C:\\Users\\ismai\\Downloads\\Coding\\Interview\\Inti Corpora\\todos-inti-corpora\\src\\components\\ThemeToggleButton.tsx": {"path":"C:\\Users\\ismai\\Downloads\\Coding\\Interview\\Inti Corpora\\todos-inti-corpora\\src\\components\\ThemeToggleButton.tsx","all":false,"statementMap":{"0":{"start":{"line":1,"column":0},"end":{"line":1,"column":60}},"1":{"start":{"line":2,"column":0},"end":{"line":2,"column":44}},"2":{"start":{"line":3,"column":0},"end":{"line":3,"column":0}},"3":{"start":{"line":4,"column":0},"end":{"line":4,"column":45}},"4":{"start":{"line":5,"column":0},"end":{"line":5,"column":41}},"5":{"start":{"line":6,"column":0},"end":{"line":6,"column":60}},"6":{"start":{"line":7,"column":0},"end":{"line":7,"column":41}},"7":{"start":{"line":8,"column":0},"end":{"line":8,"column":10}},"8":{"start":{"line":9,"column":0},"end":{"line":9,"column":11}},"9":{"start":{"line":10,"column":0},"end":{"line":10,"column":35}},"10":{"start":{"line":11,"column":0},"end":{"line":11,"column":19}},"11":{"start":{"line":12,"column":0},"end":{"line":12,"column":240}},"12":{"start":{"line":13,"column":0},"end":{"line":13,"column":63}},"13":{"start":{"line":14,"column":0},"end":{"line":14,"column":5}},"14":{"start":{"line":15,"column":0},"end":{"line":15,"column":72}},"15":{"start":{"line":16,"column":0},"end":{"line":16,"column":13}},"16":{"start":{"line":17,"column":0},"end":{"line":17,"column":4}},"17":{"start":{"line":18,"column":0},"end":{"line":18,"column":1}}},"s":{"0":1,"1":1,"2":1,"3":1,"4":8,"5":8,"6":8,"7":8,"8":8,"9":8,"10":8,"11":8,"12":8,"13":8,"14":8,"15":8,"16":8,"17":8},"branchMap":{"0":{"type":"branch","line":4,"loc":{"start":{"line":4,"column":15},"end":{"line":18,"column":1}},"locations":[{"start":{"line":4,"column":15},"end":{"line":18,"column":1}}]},"1":{"type":"branch","line":6,"loc":{"start":{"line":6,"column":44},"end":{"line":6,"column":60}},"locations":[{"start":{"line":6,"column":44},"end":{"line":6,"column":60}}]},"2":{"type":"branch","line":15,"loc":{"start":{"line":15,"column":7},"end":{"line":15,"column":43}},"locations":[{"start":{"line":15,"column":7},"end":{"line":15,"column":43}}]}},"b":{"0":[8],"1":[0],"2":[0]},"fnMap":{"0":{"name":"ThemeToggleButton","decl":{"start":{"line":4,"column":15},"end":{"line":18,"column":1}},"loc":{"start":{"line":4,"column":15},"end":{"line":18,"column":1}},"line":4},"1":{"name":"onClick","decl":{"start":{"line":13,"column":15},"end":{"line":13,"column":63}},"loc":{"start":{"line":13,"column":15},"end":{"line":13,"column":63}},"line":13}},"f":{"0":8,"1":0}}
[...]
,"C:\\Users\\ismai\\Downloads\\Coding\\Interview\\Inti Corpora\\todos-inti-corpora\\src\\components\\ui\\use-toast.ts": {"path":"C:\\Users\\ismai\\Downloads\\Coding\\Interview\\Inti Corpora\\todos-inti-corpora\\src\\components\\ui\\use-toast.ts","all":false,"statementMap":{"0":{"start":{"line":1,"column":0},"end":{"line":1,"column":38}},"1":{"start":{"line":2,"column":0},"end":{"line":2,"column":30}},"2":{"start":{"line":3,"column":0},"end":{"line":3,"column":0}},"3":{"start":{"line":4,"column":0},"end":{"line":4,"column":13}},"4":{"start":{"line":5,"column":0},"end":{"line":5,"column":21}},"5":{"start":{"line":6,"column":0},"end":{"line":6,"column":13}},"6":{"start":{"line":7,"column":0},"end":{"line":7,"column":30}},"7":{"start":{"line":8,"column":0},"end":{"line":8,"column":0}},"8":{"start":{"line":9,"column":0},"end":{"line":9,"column":21}},"9":{"start":{"line":10,"column":0},"end":{"line":10,"column":34}},"10":{"start":{"line":11,"column":0},"end":{"line":11,"column":0}},"11":{"start":{"line":12,"column":0},"end":{"line":12,"column":34}},"12":{"start":{"line":13,"column":0},"end":{"line":13,"column":12}},"13":{"start":{"line":14,"column":0},"end":{"line":14,"column":25}},"14":{"start":{"line":15,"column":0},"end":{"line":15,"column":31}},"15":{"start":{"line":16,"column":0},"end":{"line":16,"column":29}},"16":{"start":{"line":17,"column":0},"end":{"line":17,"column":1}},"17":{"start":{"line":18,"column":0},"end":{"line":18,"column":0}},"18":{"start":{"line":19,"column":0},"end":{"line":19,"column":21}},"19":{"start":{"line":20,"column":0},"end":{"line":20,"column":25}},"20":{"start":{"line":21,"column":0},"end":{"line":21,"column":31}},"21":{"start":{"line":22,"column":0},"end":{"line":22,"column":33}},"22":{"start":{"line":23,"column":0},"end":{"line":23,"column":31}},"23":{"start":{"line":24,"column":0},"end":{"line":24,"column":10}},"24":{"start":{"line":25,"column":0},"end":{"line":25,"column":0}},"25":{"start":{"line":26,"column":0},"end":{"line":26,"column":13}},"26":{"start":{"line":27,"column":0},"end":{"line":27,"column":0}},"27":{"start":{"line":28,"column":0},"end":{"line":28,"column":18}},"28":{"start":{"line":29,"column":0},"end":{"line":29,"column":47}},"29":{"start":{"line":30,"column":0},"end":{"line":30,"column":25}},"30":{"start":{"line":31,"column":0},"end":{"line":31,"column":1}},"31":{"start":{"line":32,"column":0},"end":{"line":32,"column":0}},"32":{"start":{"line":33,"column":0},"end":{"line":33,"column":36}},"33":{"start":{"line":34,"column":0},"end":{"line":34,"column":0}},"34":{"start":{"line":35,"column":0},"end":{"line":35,"column":13}},"35":{"start":{"line":36,"column":0},"end":{"line":36,"column":5}},"36":{"start":{"line":37,"column":0},"end":{"line":37,"column":35}},"37":{"start":{"line":38,"column":0},"end":{"line":38,"column":25}},"38":{"start":{"line":39,"column":0},"end":{"line":39,"column":5}},"39":{"start":{"line":40,"column":0},"end":{"line":40,"column":5}},"40":{"start":{"line":41,"column":0},"end":{"line":41,"column":38}},"41":{"start":{"line":42,"column":0},"end":{"line":42,"column":34}},"42":{"start":{"line":43,"column":0},"end":{"line":43,"column":5}},"43":{"start":{"line":44,"column":0},"end":{"line":44,"column":5}},"44":{"start":{"line":45,"column":0},"end":{"line":45,"column":39}},"45":{"start":{"line":46,"column":0},"end":{"line":46,"column":34}},"46":{"start":{"line":47,"column":0},"end":{"line":47,"column":5}},"47":{"start":{"line":48,"column":0},"end":{"line":48,"column":5}},"48":{"start":{"line":49,"column":0},"end":{"line":49,"column":38}},"49":{"start":{"line":50,"column":0},"end":{"line":50,"column":34}},"50":{"start":{"line":51,"column":0},"end":{"line":51,"column":5}},"51":{"start":{"line":52,"column":0},"end":{"line":52,"column":0}},"52":{"start":{"line":53,"column":0},"end":{"line":53,"column":17}},"53":{"start":{"line":54,"column":0},"end":{"line":54,"column":24}},"54":{"start":{"line":55,"column":0},"end":{"line":55,"column":1}},"55":{"start":{"line":56,"column":0},"end":{"line":56,"column":0}},"56":{"start":{"line":57,"column":0},"end":{"line":57,"column":70}},"57":{"start":{"line":58,"column":0},"end":{"line":58,"column":0}},"58":{"start":{"line":59,"column":0},"end":{"line":59,"column":47}},"59":{"start":{"line":60,"column":0},"end":{"line":60,"column":35}},"60":{"start":{"line":61,"column":0},"end":{"line":61,"column":10}},"61":{"start":{"line":62,"column":0},"end":{"line":62,"column":3}},"62":{"start":{"line":63,"column":0},"end":{"line":63,"column":0}},"63":{"start":{"line":64,"column":0},"end":{"line":64,"column":36}},"64":{"start":{"line":65,"column":0},"end":{"line":65,"column":33}},"65":{"start":{"line":66,"column":0},"end":{"line":66,"column":14}},"66":{"start":{"line":67,"column":0},"end":{"line":67,"column":27}},"67":{"start":{"line":68,"column":0},"end":{"line":68,"column":23}},"68":{"start":{"line":69,"column":0},"end":{"line":69,"column":6}},"69":{"start":{"line":70,"column":0},"end":{"line":70,"column":24}},"70":{"start":{"line":71,"column":0},"end":{"line":71,"column":0}},"71":{"start":{"line":72,"column":0},"end":{"line":72,"column":37}},"72":{"start":{"line":73,"column":0},"end":{"line":73,"column":1}},"73":{"start":{"line":74,"column":0},"end":{"line":74,"column":0}},"74":{"start":{"line":75,"column":0},"end":{"line":75,"column":65}},"75":{"start":{"line":76,"column":0},"end":{"line":76,"column":24}},"76":{"start":{"line":77,"column":0},"end":{"line":77,"column":21}},"77":{"start":{"line":78,"column":0},"end":{"line":78,"column":14}},"78":{"start":{"line":79,"column":0},"end":{"line":79,"column":17}},"79":{"start":{"line":80,"column":0},"end":{"line":80,"column":70}},"80":{"start":{"line":81,"column":0},"end":{"line":81,"column":7}},"81":{"start":{"line":82,"column":0},"end":{"line":82,"column":0}},"82":{"start":{"line":83,"column":0},"end":{"line":83,"column":24}},"83":{"start":{"line":84,"column":0},"end":{"line":84,"column":14}},"84":{"start":{"line":85,"column":0},"end":{"line":85,"column":17}},"85":{"start":{"line":86,"column":0},"end":{"line":86,"column":39}},"86":{"start":{"line":87,"column":0},"end":{"line":87,"column":66}},"87":{"start":{"line":88,"column":0},"end":{"line":88,"column":10}},"88":{"start":{"line":89,"column":0},"end":{"line":89,"column":7}},"89":{"start":{"line":90,"column":0},"end":{"line":90,"column":0}},"90":{"start":{"line":91,"column":0},"end":{"line":91,"column":27}},"91":{"start":{"line":92,"column":0},"end":{"line":92,"column":32}},"92":{"start":{"line":93,"column":0},"end":{"line":93,"column":0}},"93":{"start":{"line":94,"column":0},"end":{"line":94,"column":81}},"94":{"start":{"line":95,"column":0},"end":{"line":95,"column":45}},"95":{"start":{"line":96,"column":0},"end":{"line":96,"column":20}},"96":{"start":{"line":97,"column":0},"end":{"line":97,"column":33}},"97":{"start":{"line":98,"column":0},"end":{"line":98,"column":14}},"98":{"start":{"line":99,"column":0},"end":{"line":99,"column":41}},"99":{"start":{"line":100,"column":0},"end":{"line":100,"column":36}},"100":{"start":{"line":101,"column":0},"end":{"line":101,"column":10}},"101":{"start":{"line":102,"column":0},"end":{"line":102,"column":7}},"102":{"start":{"line":103,"column":0},"end":{"line":103,"column":0}},"103":{"start":{"line":104,"column":0},"end":{"line":104,"column":14}},"104":{"start":{"line":105,"column":0},"end":{"line":105,"column":17}},"105":{"start":{"line":106,"column":0},"end":{"line":106,"column":39}},"106":{"start":{"line":107,"column":0},"end":{"line":107,"column":51}},"107":{"start":{"line":108,"column":0},"end":{"line":108,"column":15}},"108":{"start":{"line":109,"column":0},"end":{"line":109,"column":21}},"109":{"start":{"line":110,"column":0},"end":{"line":110,"column":28}},"110":{"start":{"line":111,"column":0},"end":{"line":111,"column":15}},"111":{"start":{"line":112,"column":0},"end":{"line":112,"column":15}},"112":{"start":{"line":113,"column":0},"end":{"line":113,"column":10}},"113":{"start":{"line":114,"column":0},"end":{"line":114,"column":7}},"114":{"start":{"line":115,"column":0},"end":{"line":115,"column":5}},"115":{"start":{"line":116,"column":0},"end":{"line":116,"column":24}},"116":{"start":{"line":117,"column":0},"end":{"line":117,"column":41}},"117":{"start":{"line":118,"column":0},"end":{"line":118,"column":16}},"118":{"start":{"line":119,"column":0},"end":{"line":119,"column":19}},"119":{"start":{"line":120,"column":0},"end":{"line":120,"column":21}},"120":{"start":{"line":121,"column":0},"end":{"line":121,"column":9}},"121":{"start":{"line":122,"column":0},"end":{"line":122,"column":7}},"122":{"start":{"line":123,"column":0},"end":{"line":123,"column":14}},"123":{"start":{"line":124,"column":0},"end":{"line":124,"column":17}},"124":{"start":{"line":125,"column":0},"end":{"line":125,"column":68}},"125":{"start":{"line":126,"column":0},"end":{"line":126,"column":7}},"126":{"start":{"line":127,"column":0},"end":{"line":127,"column":3}},"127":{"start":{"line":128,"column":0},"end":{"line":128,"column":1}},"128":{"start":{"line":129,"column":0},"end":{"line":129,"column":0}},"129":{"start":{"line":130,"column":0},"end":{"line":130,"column":51}},"130":{"start":{"line":131,"column":0},"end":{"line":131,"column":0}},"131":{"start":{"line":132,"column":0},"end":{"line":132,"column":39}},"132":{"start":{"line":133,"column":0},"end":{"line":133,"column":0}},"133":{"start":{"line":134,"column":0},"end":{"line":134,"column":35}},"134":{"start":{"line":135,"column":0},"end":{"line":135,"column":44}},"135":{"start":{"line":136,"column":0},"end":{"line":136,"column":35}},"136":{"start":{"line":137,"column":0},"end":{"line":137,"column":25}},"137":{"start":{"line":138,"column":0},"end":{"line":138,"column":4}},"138":{"start":{"line":139,"column":0},"end":{"line":139,"column":1}},"139":{"start":{"line":140,"column":0},"end":{"line":140,"column":0}},"140":{"start":{"line":141,"column":0},"end":{"line":141,"column":37}},"141":{"start":{"line":142,"column":0},"end":{"line":142,"column":0}},"142":{"start":{"line":143,"column":0},"end":{"line":143,"column":37}},"143":{"start":{"line":144,"column":0},"end":{"line":144,"column":20}},"144":{"start":{"line":145,"column":0},"end":{"line":145,"column":0}},"145":{"start":{"line":146,"column":0},"end":{"line":146,"column":41}},"146":{"start":{"line":147,"column":0},"end":{"line":147,"column":14}},"147":{"start":{"line":148,"column":0},"end":{"line":148,"column":27}},"148":{"start":{"line":149,"column":0},"end":{"line":149,"column":30}},"149":{"start":{"line":150,"column":0},"end":{"line":150,"column":6}},"150":{"start":{"line":151,"column":0},"end":{"line":151,"column":72}},"151":{"start":{"line":152,"column":0},"end":{"line":152,"column":0}},"152":{"start":{"line":153,"column":0},"end":{"line":153,"column":12}},"153":{"start":{"line":154,"column":0},"end":{"line":154,"column":22}},"154":{"start":{"line":155,"column":0},"end":{"line":155,"column":12}},"155":{"start":{"line":156,"column":0},"end":{"line":156,"column":15}},"156":{"start":{"line":157,"column":0},"end":{"line":157,"column":9}},"157":{"start":{"line":158,"column":0},"end":{"line":158,"column":17}},"158":{"start":{"line":159,"column":0},"end":{"line":159,"column":31}},"159":{"start":{"line":160,"column":0},"end":{"line":160,"column":28}},"160":{"start":{"line":161,"column":0},"end":{"line":161,"column":8}},"161":{"start":{"line":162,"column":0},"end":{"line":162,"column":6}},"162":{"start":{"line":163,"column":0},"end":{"line":163,"column":4}},"163":{"start":{"line":164,"column":0},"end":{"line":164,"column":0}},"164":{"start":{"line":165,"column":0},"end":{"line":165,"column":10}},"165":{"start":{"line":166,"column":0},"end":{"line":166,"column":11}},"166":{"start":{"line":167,"column":0},"end":{"line":167,"column":12}},"167":{"start":{"line":168,"column":0},"end":{"line":168,"column":11}},"168":{"start":{"line":169,"column":0},"end":{"line":169,"column":3}},"169":{"start":{"line":170,"column":0},"end":{"line":170,"column":1}},"170":{"start":{"line":171,"column":0},"end":{"line":171,"column":0}},"171":{"start":{"line":172,"column":0},"end":{"line":172,"column":21}},"172":{"start":{"line":173,"column":0},"end":{"line":173,"column":62}},"173":{"start":{"line":174,"column":0},"end":{"line":174,"column":0}},"174":{"start":{"line":175,"column":0},"end":{"line":175,"column":25}},"175":{"start":{"line":176,"column":0},"end":{"line":176,"column":28}},"176":{"start":{"line":177,"column":0},"end":{"line":177,"column":18}},"177":{"start":{"line":178,"column":0},"end":{"line":178,"column":47}},"178":{"start":{"line":179,"column":0},"end":{"line":179,"column":23}},"179":{"start":{"line":180,"column":0},"end":{"line":180,"column":34}},"180":{"start":{"line":181,"column":0},"end":{"line":181,"column":7}},"181":{"start":{"line":182,"column":0},"end":{"line":182,"column":5}},"182":{"start":{"line":183,"column":0},"end":{"line":183,"column":13}},"183":{"start":{"line":184,"column":0},"end":{"line":184,"column":0}},"184":{"start":{"line":185,"column":0},"end":{"line":185,"column":10}},"185":{"start":{"line":186,"column":0},"end":{"line":186,"column":13}},"186":{"start":{"line":187,"column":0},"end":{"line":187,"column":10}},"187":{"start":{"line":188,"column":0},"end":{"line":188,"column":80}},"188":{"start":{"line":189,"column":0},"end":{"line":189,"column":3}},"189":{"start":{"line":190,"column":0},"end":{"line":190,"column":1}},"190":{"start":{"line":191,"column":0},"end":{"line":191,"column":0}},"191":{"start":{"line":192,"column":0},"end":{"line":192,"column":26}}},"s":{"0":1,"1":1,"2":1,"3":1,"4":1,"5":1,"6":1,"7":1,"8":1,"9":1,"10":1,"11":1,"12":1,"13":1,"14":1,"15":1,"16":1,"17":1,"18":1,"19":1,"20":1,"21":1,"22":1,"23":1,"24":1,"25":1,"26":1,"27":0,"28":0,"29":0,"30":0,"31":1,"32":1,"33":1,"34":1,"35":1,"36":1,"37":1,"38":1,"39":1,"40":1,"41":1,"42":1,"43":1,"44":1,"45":1,"46":1,"47":1,"48":1,"49":1,"50":1,"51":1,"52":1,"53":1,"54":1,"55":1,"56":1,"57":1,"58":1,"59":0,"60":0,"61":0,"62":0,"63":0,"64":0,"65":0,"66":0,"67":0,"68":0,"69":0,"70":0,"71":0,"72":0,"73":1,"74":1,"75":0,"76":0,"77":0,"78":0,"79":0,"80":0,"81":0,"82":0,"83":0,"84":0,"85":0,"86":0,"87":0,"88":0,"89":0,"90":0,"91":0,"92":0,"93":0,"94":0,"95":0,"96":0,"97":0,"98":0,"99":0,"100":0,"101":0,"102":0,"103":0,"104":0,"105":0,"106":0,"107":0,"108":0,"109":0,"110":0,"111":0,"112":0,"113":0,"114":0,"115":0,"116":0,"117":0,"118":0,"119":0,"120":0,"121":0,"122":0,"123":0,"124":0,"125":0,"126":0,"127":0,"128":1,"129":1,"130":1,"131":1,"132":1,"133":0,"134":0,"135":0,"136":0,"137":0,"138":0,"139":1,"140":1,"141":1,"142":0,"143":0,"144":0,"145":0,"146":0,"147":0,"148":0,"149":0,"150":0,"151":0,"152":0,"153":0,"154":0,"155":0,"156":0,"157":0,"158":0,"159":0,"160":0,"161":0,"162":0,"163":0,"164":0,"165":0,"166":0,"167":0,"168":0,"169":0,"170":1,"171":8,"172":8,"173":8,"174":8,"175":8,"176":8,"177":8,"178":8,"179":8,"180":8,"181":8,"182":8,"183":8,"184":8,"185":8,"186":8,"187":8,"188":8,"189":8,"190":1,"191":1},"branchMap":{"0":{"type":"branch","line":172,"loc":{"start":{"line":172,"column":0},"end":{"line":190,"column":1}},"locations":[{"start":{"line":172,"column":0},"end":{"line":190,"column":1}}]},"1":{"type":"branch","line":175,"loc":{"start":{"line":175,"column":18},"end":{"line":183,"column":5}},"locations":[{"start":{"line":175,"column":18},"end":{"line":183,"column":5}}]},"2":{"type":"branch","line":177,"loc":{"start":{"line":177,"column":11},"end":{"line":182,"column":5}},"locations":[{"start":{"line":177,"column":11},"end":{"line":182,"column":5}}]}},"b":{"0":[8],"1":[8],"2":[8]},"fnMap":{"0":{"name":"genId","decl":{"start":{"line":28,"column":0},"end":{"line":31,"column":1}},"loc":{"start":{"line":28,"column":0},"end":{"line":31,"column":1}},"line":28},"1":{"name":"addToRemoveQueue","decl":{"start":{"line":59,"column":25},"end":{"line":73,"column":1}},"loc":{"start":{"line":59,"column":25},"end":{"line":73,"column":1}},"line":59},"2":{"name":"reducer","decl":{"start":{"line":75,"column":23},"end":{"line":128,"column":1}},"loc":{"start":{"line":75,"column":23},"end":{"line":128,"column":1}},"line":75},"3":{"name":"dispatch","decl":{"start":{"line":134,"column":0},"end":{"line":139,"column":1}},"loc":{"start":{"line":134,"column":0},"end":{"line":139,"column":1}},"line":134},"4":{"name":"toast","decl":{"start":{"line":143,"column":0},"end":{"line":170,"column":1}},"loc":{"start":{"line":143,"column":0},"end":{"line":170,"column":1}},"line":143},"5":{"name":"useToast","decl":{"start":{"line":172,"column":0},"end":{"line":190,"column":1}},"loc":{"start":{"line":172,"column":0},"end":{"line":190,"column":1}},"line":172},"6":{"name":"dismiss","decl":{"start":{"line":188,"column":13},"end":{"line":188,"column":80}},"loc":{"start":{"line":188,"column":13},"end":{"line":188,"column":80}},"line":188}},"f":{"0":0,"1":0,"2":0,"3":0,"4":0,"5":8,"6":0}}
,"C:\\Users\\ismai\\Downloads\\Coding\\Interview\\Inti Corpora\\todos-inti-corpora\\src\\lib\\utils.ts": {"path":"C:\\Users\\ismai\\Downloads\\Coding\\Interview\\Inti Corpora\\todos-inti-corpora\\src\\lib\\utils.ts","all":false,"statementMap":{"0":{"start":{"line":1,"column":0},"end":{"line":1,"column":45}},"1":{"start":{"line":2,"column":0},"end":{"line":2,"column":41}},"2":{"start":{"line":3,"column":0},"end":{"line":3,"column":0}},"3":{"start":{"line":4,"column":0},"end":{"line":4,"column":45}},"4":{"start":{"line":5,"column":0},"end":{"line":5,"column":31}},"5":{"start":{"line":6,"column":0},"end":{"line":6,"column":1}},"6":{"start":{"line":7,"column":0},"end":{"line":7,"column":0}},"7":{"start":{"line":8,"column":0},"end":{"line":8,"column":29}},"8":{"start":{"line":9,"column":0},"end":{"line":9,"column":9}},"9":{"start":{"line":10,"column":0},"end":{"line":10,"column":9}},"10":{"start":{"line":11,"column":0},"end":{"line":11,"column":1}},"11":{"start":{"line":12,"column":0},"end":{"line":12,"column":0}},"12":{"start":{"line":13,"column":0},"end":{"line":13,"column":31}},"13":{"start":{"line":14,"column":0},"end":{"line":14,"column":13}},"14":{"start":{"line":15,"column":0},"end":{"line":15,"column":24}},"15":{"start":{"line":16,"column":0},"end":{"line":16,"column":2}}},"s":{"0":1,"1":1,"2":1,"3":1,"4":184,"5":184,"6":1,"7":1,"8":1,"9":1,"10":1,"11":1,"12":1,"13":1,"14":1,"15":1},"branchMap":{"0":{"type":"branch","line":4,"loc":{"start":{"line":4,"column":7},"end":{"line":6,"column":1}},"locations":[{"start":{"line":4,"column":7},"end":{"line":6,"column":1}}]},"1":{"type":"branch","line":8,"loc":{"start":{"line":8,"column":12},"end":{"line":8,"column":29}},"locations":[{"start":{"line":8,"column":12},"end":{"line":8,"column":29}}]}},"b":{"0":[184],"1":[1]},"fnMap":{"0":{"name":"cn","decl":{"start":{"line":4,"column":7},"end":{"line":6,"column":1}},"loc":{"start":{"line":4,"column":7},"end":{"line":6,"column":1}},"line":4}},"f":{"0":184}}
}
